#
# There is insufficient memory for the Java Runtime Environment to continue.
# Native memory allocation (malloc) failed to allocate 1983216 bytes. Error detail: Chunk::new
# Possible reasons:
#   The system is out of physical RAM or swap space
#   This process is running with CompressedOops enabled, and the Java Heap may be blocking the growth of the native heap
# Possible solutions:
#   Reduce memory load on the system
#   Increase physical memory or swap space
#   Check if swap backing store is full
#   Decrease Java heap size (-Xmx/-Xms)
#   Decrease number of Java threads
#   Decrease Java thread stack sizes (-Xss)
#   Set larger code cache with -XX:ReservedCodeCacheSize=
#   JVM is running with Unscaled Compressed Oops mode in which the Java heap is
#     placed in the first 4GB address space. The Java Heap base address is the
#     maximum limit for the native heap growth. Please use -XX:HeapBaseMinAddress
#     to set the Java Heap base and to place the Java Heap above 4GB virtual address.
# This output file may be truncated or incomplete.
#
#  Out of Memory Error (arena.cpp:168), pid=13924, tid=26992
#
# JRE version: OpenJDK Runtime Environment Temurin-21.0.5+11 (21.0.5+11) (build 21.0.5+11-LTS)
# Java VM: OpenJDK 64-Bit Server VM Temurin-21.0.5+11 (21.0.5+11-LTS, mixed mode, sharing, tiered, compressed oops, compressed class ptrs, g1 gc, windows-amd64)
# No core dump will be written. Minidumps are not enabled by default on client versions of Windows
#

---------------  S U M M A R Y ------------

Command Line: -Dfile.encoding=UTF-8 -Dstdout.encoding=UTF-8 -Dstderr.encoding=UTF-8 --module-path=D:\Java_code_eclipse\Model\bin;D:\JavaFx\javafx-sdk-23.0.2\lib\javafx-swt.jar;D:\JavaFx\javafx-sdk-23.0.2\lib\javafx.base.jar;D:\JavaFx\javafx-sdk-23.0.2\lib\javafx.controls.jar;D:\JavaFx\javafx-sdk-23.0.2\lib\javafx.fxml.jar;D:\JavaFx\javafx-sdk-23.0.2\lib\javafx.graphics.jar;D:\JavaFx\javafx-sdk-23.0.2\lib\javafx.media.jar;D:\JavaFx\javafx-sdk-23.0.2\lib\javafx.swing.jar;D:\JavaFx\javafx-sdk-23.0.2\lib\javafx.web.jar;C:\Users\Asus\Desktop\eclipse\plugins\org.eclipse.fx.ide.css.jfx8_3.8.0.202204150904.jar;D:\mysql-connector-j-9.3.0\mysql-connector-j-9.3.0.jar -XX:+ShowCodeDetailsInExceptionMessages -Djdk.module.main=Model Model/main.Customer

Host: 11th Gen Intel(R) Core(TM) i7-1165G7 @ 2.80GHz, 8 cores, 7G,  Windows 11 , 64 bit Build 22621 (10.0.22621.5413)
Time: Thu Jun  5 15:16:12 2025 SE Asia Standard Time elapsed time: 68.578024 seconds (0d 0h 1m 8s)

---------------  T H R E A D  ---------------

Current thread (0x000002508294d210):  JavaThread "C2 CompilerThread0" daemon [_thread_in_native, id=26992, stack(0x0000006c27f00000,0x0000006c28000000) (1024K)]


Current CompileTask:
C2:68578 8157   !   4       javafx.fxml.FXMLLoader$ValueElement::processAttribute (289 bytes)

Stack: [0x0000006c27f00000,0x0000006c28000000]
Native frames: (J=compiled Java code, j=interpreted, Vv=VM code, C=native code)
V  [jvm.dll+0x6cd4e9]
V  [jvm.dll+0x8a7941]
V  [jvm.dll+0x8a9e6e]
V  [jvm.dll+0x8aa543]
V  [jvm.dll+0x27f6d6]
V  [jvm.dll+0xc500d]
V  [jvm.dll+0xc5543]
V  [jvm.dll+0x3b65d2]
V  [jvm.dll+0x382835]
V  [jvm.dll+0x381c9a]
V  [jvm.dll+0x2479d0]
V  [jvm.dll+0x246faf]
V  [jvm.dll+0x1c75ce]
V  [jvm.dll+0x25682a]
V  [jvm.dll+0x254dca]
V  [jvm.dll+0x3f00d6]
V  [jvm.dll+0x8514fb]
V  [jvm.dll+0x6cbbed]
C  [ucrtbase.dll+0x29333]
C  [KERNEL32.DLL+0x1259d]
C  [ntdll.dll+0x5af78]


---------------  P R O C E S S  ---------------

Threads class SMR info:
_java_thread_list=0x00000250d26a3d80, length=20, elements={
0x00000250e8a5ad60, 0x00000250829384f0, 0x00000250829394a0, 0x000002508293fd90,
0x00000250829408d0, 0x00000250829416f0, 0x0000025082942510, 0x000002508294d210,
0x000002508294fcc0, 0x0000025082b74e80, 0x0000025082e89150, 0x0000025082ce8c90,
0x00000250c819a540, 0x00000250c81bfdd0, 0x00000250c865c8b0, 0x00000250c863b390,
0x00000250ce058380, 0x00000250d2522260, 0x00000250d25d8e70, 0x00000250ce0f50a0
}

Java Threads: ( => current thread )
  0x00000250e8a5ad60 JavaThread "main"                              [_thread_blocked, id=25252, stack(0x0000006c27100000,0x0000006c27200000) (1024K)]
  0x00000250829384f0 JavaThread "Reference Handler"          daemon [_thread_blocked, id=15304, stack(0x0000006c27900000,0x0000006c27a00000) (1024K)]
  0x00000250829394a0 JavaThread "Finalizer"                  daemon [_thread_blocked, id=22524, stack(0x0000006c27a00000,0x0000006c27b00000) (1024K)]
  0x000002508293fd90 JavaThread "Signal Dispatcher"          daemon [_thread_blocked, id=10996, stack(0x0000006c27b00000,0x0000006c27c00000) (1024K)]
  0x00000250829408d0 JavaThread "Attach Listener"            daemon [_thread_blocked, id=15332, stack(0x0000006c27c00000,0x0000006c27d00000) (1024K)]
  0x00000250829416f0 JavaThread "Service Thread"             daemon [_thread_blocked, id=18228, stack(0x0000006c27d00000,0x0000006c27e00000) (1024K)]
  0x0000025082942510 JavaThread "Monitor Deflation Thread"   daemon [_thread_blocked, id=3680, stack(0x0000006c27e00000,0x0000006c27f00000) (1024K)]
=>0x000002508294d210 JavaThread "C2 CompilerThread0"         daemon [_thread_in_native, id=26992, stack(0x0000006c27f00000,0x0000006c28000000) (1024K)]
  0x000002508294fcc0 JavaThread "C1 CompilerThread0"         daemon [_thread_blocked, id=24548, stack(0x0000006c28000000,0x0000006c28100000) (1024K)]
  0x0000025082b74e80 JavaThread "Common-Cleaner"             daemon [_thread_blocked, id=23440, stack(0x0000006c28100000,0x0000006c28200000) (1024K)]
  0x0000025082e89150 JavaThread "Notification Thread"        daemon [_thread_blocked, id=18036, stack(0x0000006c28200000,0x0000006c28300000) (1024K)]
  0x0000025082ce8c90 JavaThread "QuantumRenderer-0"          daemon [_thread_blocked, id=24936, stack(0x0000006c28300000,0x0000006c28400000) (1024K)]
  0x00000250c819a540 JavaThread "InvokeLaterDispatcher"      daemon [_thread_blocked, id=9340, stack(0x0000006c28400000,0x0000006c28500000) (1024K)]
  0x00000250c81bfdd0 JavaThread "JavaFX Application Thread"         [_thread_in_native, id=13548, stack(0x0000006c28500000,0x0000006c28600000) (1024K)]
  0x00000250c865c8b0 JavaThread "Thread-1"                   daemon [_thread_in_native, id=12056, stack(0x0000006c28900000,0x0000006c28a00000) (1024K)]
  0x00000250c863b390 JavaThread "JavaFX-Launcher"                   [_thread_blocked, id=13464, stack(0x0000006c28a00000,0x0000006c28b00000) (1024K)]
  0x00000250ce058380 JavaThread "Prism Font Disposer"        daemon [_thread_blocked, id=13968, stack(0x0000006c29500000,0x0000006c29600000) (1024K)]
  0x00000250d2522260 JavaThread "Cleaner-0"                  daemon [_thread_blocked, id=4456, stack(0x0000006c29600000,0x0000006c29700000) (1024K)]
  0x00000250d25d8e70 JavaThread "mysql-cj-abandoned-connection-cleanup" daemon [_thread_blocked, id=26156, stack(0x0000006c29800000,0x0000006c29900000) (1024K)]
  0x00000250ce0f50a0 JavaThread "C2 CompilerThread1"         daemon [_thread_blocked, id=15180, stack(0x0000006c26e00000,0x0000006c26f00000) (1024K)]
Total: 20

Other Threads:
  0x000002508291dcb0 VMThread "VM Thread"                           [id=14128, stack(0x0000006c27800000,0x0000006c27900000) (1024K)]
  0x00000250829059a0 WatcherThread "VM Periodic Task Thread"        [id=18200, stack(0x0000006c27700000,0x0000006c27800000) (1024K)]
  0x00000250e8ab2b80 WorkerThread "GC Thread#0"                     [id=12556, stack(0x0000006c27200000,0x0000006c27300000) (1024K)]
  0x00000250c870f220 WorkerThread "GC Thread#1"                     [id=20028, stack(0x0000006c28b00000,0x0000006c28c00000) (1024K)]
  0x00000250c870f960 WorkerThread "GC Thread#2"                     [id=13424, stack(0x0000006c28c00000,0x0000006c28d00000) (1024K)]
  0x00000250c870ee80 WorkerThread "GC Thread#3"                     [id=6912, stack(0x0000006c28d00000,0x0000006c28e00000) (1024K)]
  0x00000250c870f5c0 WorkerThread "GC Thread#4"                     [id=15816, stack(0x0000006c28e00000,0x0000006c28f00000) (1024K)]
  0x00000250c870e000 WorkerThread "GC Thread#5"                     [id=24764, stack(0x0000006c28f00000,0x0000006c29000000) (1024K)]
  0x00000250c870e740 WorkerThread "GC Thread#6"                     [id=21664, stack(0x0000006c29000000,0x0000006c29100000) (1024K)]
  0x00000250c870eae0 WorkerThread "GC Thread#7"                     [id=22724, stack(0x0000006c29100000,0x0000006c29200000) (1024K)]
  0x00000250e8ac4140 ConcurrentGCThread "G1 Main Marker"            [id=12404, stack(0x0000006c27300000,0x0000006c27400000) (1024K)]
  0x00000250e8ac4c40 WorkerThread "G1 Conc#0"                       [id=26676, stack(0x0000006c27400000,0x0000006c27500000) (1024K)]
  0x00000250cdf00440 WorkerThread "G1 Conc#1"                       [id=18280, stack(0x0000006c29900000,0x0000006c29a00000) (1024K)]
  0x00000250827d7440 ConcurrentGCThread "G1 Refine#0"               [id=25268, stack(0x0000006c27500000,0x0000006c27600000) (1024K)]
  0x00000250827d7fb0 ConcurrentGCThread "G1 Service"                [id=7540, stack(0x0000006c27600000,0x0000006c27700000) (1024K)]
Total: 15

Threads with active compile tasks:
C2 CompilerThread0  68613 8157   !   4       javafx.fxml.FXMLLoader$ValueElement::processAttribute (289 bytes)
Total: 1

VM state: not at safepoint (normal execution)

VM Mutex/Monitor currently owned by a thread: None

Heap address: 0x0000000084c00000, size: 1972 MB, Compressed Oops mode: 32-bit

CDS archive(s) mapped at: [0x0000025083000000-0x0000025083c80000-0x0000025083c80000), size 13107200, SharedBaseAddress: 0x0000025083000000, ArchiveRelocationMode: 1.
Compressed class space mapped at: 0x0000025084000000-0x00000250c4000000, reserved size: 1073741824
Narrow klass base: 0x0000025083000000, Narrow klass shift: 0, Narrow klass range: 0x100000000

GC Precious Log:
 CardTable entry size: 512
 Card Set container configuration: InlinePtr #cards 5 size 8 Array Of Cards #cards 12 size 40 Howl #buckets 4 coarsen threshold 1843 Howl Bitmap #cards 512 size 80 coarsen threshold 460 Card regions per heap region 1 cards per card region 2048
 CPUs: 8 total, 8 available
 Memory: 7886M
 Large Page Support: Disabled
 NUMA Support: Disabled
 Compressed Oops: Enabled (32-bit)
 Heap Region Size: 1M
 Heap Min Capacity: 8M
 Heap Initial Capacity: 124M
 Heap Max Capacity: 1972M
 Pre-touch: Disabled
 Parallel Workers: 8
 Concurrent Workers: 2
 Concurrent Refinement Workers: 8
 Periodic GC: Disabled

Heap:
 garbage-first heap   total 249856K, used 171008K [0x0000000084c00000, 0x0000000100000000)
  region size 1024K, 14 young (14336K), 6 survivors (6144K)
 Metaspace       used 26011K, committed 26432K, reserved 1114112K
  class space    used 3449K, committed 3648K, reserved 1048576K

Heap Regions: E=young(eden), S=young(survivor), O=old, HS=humongous(starts), HC=humongous(continues), CS=collection set, F=free, TAMS=top-at-mark-start, PB=parsable bottom
|   0|0x0000000084c00000, 0x0000000084d00000, 0x0000000084d00000|100%| O|  |TAMS 0x0000000084c00000| PB 0x0000000084c00000| Untracked 
|   1|0x0000000084d00000, 0x0000000084e00000, 0x0000000084e00000|100%|HS|  |TAMS 0x0000000084d00000| PB 0x0000000084d00000| Complete 
|   2|0x0000000084e00000, 0x0000000084f00000, 0x0000000084f00000|100%|HC|  |TAMS 0x0000000084e00000| PB 0x0000000084e00000| Complete 
|   3|0x0000000084f00000, 0x0000000085000000, 0x0000000085000000|100%|HS|  |TAMS 0x0000000084f00000| PB 0x0000000084f00000| Complete 
|   4|0x0000000085000000, 0x0000000085100000, 0x0000000085100000|100%|HC|  |TAMS 0x0000000085000000| PB 0x0000000085000000| Complete 
|   5|0x0000000085100000, 0x0000000085200000, 0x0000000085200000|100%|HC|  |TAMS 0x0000000085100000| PB 0x0000000085100000| Complete 
|   6|0x0000000085200000, 0x0000000085300000, 0x0000000085300000|100%|HS|  |TAMS 0x0000000085200000| PB 0x0000000085200000| Complete 
|   7|0x0000000085300000, 0x0000000085400000, 0x0000000085400000|100%|HC|  |TAMS 0x0000000085300000| PB 0x0000000085300000| Complete 
|   8|0x0000000085400000, 0x0000000085500000, 0x0000000085500000|100%|HS|  |TAMS 0x0000000085400000| PB 0x0000000085400000| Complete 
|   9|0x0000000085500000, 0x0000000085600000, 0x0000000085600000|100%|HC|  |TAMS 0x0000000085500000| PB 0x0000000085500000| Complete 
|  10|0x0000000085600000, 0x0000000085700000, 0x0000000085700000|100%|HS|  |TAMS 0x0000000085600000| PB 0x0000000085600000| Complete 
|  11|0x0000000085700000, 0x0000000085800000, 0x0000000085800000|100%|HC|  |TAMS 0x0000000085700000| PB 0x0000000085700000| Complete 
|  12|0x0000000085800000, 0x0000000085900000, 0x0000000085900000|100%|HS|  |TAMS 0x0000000085800000| PB 0x0000000085800000| Complete 
|  13|0x0000000085900000, 0x0000000085a00000, 0x0000000085a00000|100%|HC|  |TAMS 0x0000000085900000| PB 0x0000000085900000| Complete 
|  14|0x0000000085a00000, 0x0000000085b00000, 0x0000000085b00000|100%|HS|  |TAMS 0x0000000085a00000| PB 0x0000000085a00000| Complete 
|  15|0x0000000085b00000, 0x0000000085c00000, 0x0000000085c00000|100%|HC|  |TAMS 0x0000000085b00000| PB 0x0000000085b00000| Complete 
|  16|0x0000000085c00000, 0x0000000085d00000, 0x0000000085d00000|100%|HS|  |TAMS 0x0000000085c00000| PB 0x0000000085c00000| Complete 
|  17|0x0000000085d00000, 0x0000000085e00000, 0x0000000085e00000|100%|HC|  |TAMS 0x0000000085d00000| PB 0x0000000085d00000| Complete 
|  18|0x0000000085e00000, 0x0000000085f00000, 0x0000000085f00000|100%|HS|  |TAMS 0x0000000085e00000| PB 0x0000000085e00000| Complete 
|  19|0x0000000085f00000, 0x0000000086000000, 0x0000000086000000|100%|HC|  |TAMS 0x0000000085f00000| PB 0x0000000085f00000| Complete 
|  20|0x0000000086000000, 0x0000000086100000, 0x0000000086100000|100%|HS|  |TAMS 0x0000000086000000| PB 0x0000000086000000| Complete 
|  21|0x0000000086100000, 0x0000000086200000, 0x0000000086200000|100%|HC|  |TAMS 0x0000000086100000| PB 0x0000000086100000| Complete 
|  22|0x0000000086200000, 0x0000000086300000, 0x0000000086300000|100%| O|  |TAMS 0x0000000086200000| PB 0x0000000086200000| Untracked 
|  23|0x0000000086300000, 0x0000000086400000, 0x0000000086400000|100%| O|  |TAMS 0x0000000086300000| PB 0x0000000086300000| Untracked 
|  24|0x0000000086400000, 0x0000000086500000, 0x0000000086500000|100%| O|  |TAMS 0x0000000086400000| PB 0x0000000086400000| Untracked 
|  25|0x0000000086500000, 0x0000000086600000, 0x0000000086600000|100%|HS|  |TAMS 0x0000000086500000| PB 0x0000000086500000| Complete 
|  26|0x0000000086600000, 0x0000000086700000, 0x0000000086700000|100%|HC|  |TAMS 0x0000000086600000| PB 0x0000000086600000| Complete 
|  27|0x0000000086700000, 0x0000000086800000, 0x0000000086800000|100%| O|  |TAMS 0x0000000086700000| PB 0x0000000086700000| Untracked 
|  28|0x0000000086800000, 0x0000000086900000, 0x0000000086900000|100%| O|  |TAMS 0x0000000086800000| PB 0x0000000086800000| Untracked 
|  29|0x0000000086900000, 0x0000000086a00000, 0x0000000086a00000|100%| O|  |TAMS 0x0000000086900000| PB 0x0000000086900000| Untracked 
|  30|0x0000000086a00000, 0x0000000086b00000, 0x0000000086b00000|100%| O|Cm|TAMS 0x0000000086a00000| PB 0x0000000086a00000| Complete 
|  31|0x0000000086b00000, 0x0000000086c00000, 0x0000000086c00000|100%|HS|  |TAMS 0x0000000086b00000| PB 0x0000000086b00000| Complete 
|  32|0x0000000086c00000, 0x0000000086d00000, 0x0000000086d00000|100%|HC|  |TAMS 0x0000000086c00000| PB 0x0000000086c00000| Complete 
|  33|0x0000000086d00000, 0x0000000086e00000, 0x0000000086e00000|100%|HS|  |TAMS 0x0000000086d00000| PB 0x0000000086d00000| Complete 
|  34|0x0000000086e00000, 0x0000000086f00000, 0x0000000086f00000|100%|HC|  |TAMS 0x0000000086e00000| PB 0x0000000086e00000| Complete 
|  35|0x0000000086f00000, 0x0000000087000000, 0x0000000087000000|100%|HS|  |TAMS 0x0000000086f00000| PB 0x0000000086f00000| Complete 
|  36|0x0000000087000000, 0x0000000087100000, 0x0000000087100000|100%|HC|  |TAMS 0x0000000087000000| PB 0x0000000087000000| Complete 
|  37|0x0000000087100000, 0x0000000087200000, 0x0000000087200000|100%|HS|  |TAMS 0x0000000087100000| PB 0x0000000087100000| Complete 
|  38|0x0000000087200000, 0x0000000087300000, 0x0000000087300000|100%|HC|  |TAMS 0x0000000087200000| PB 0x0000000087200000| Complete 
|  39|0x0000000087300000, 0x0000000087400000, 0x0000000087400000|100%|HC|  |TAMS 0x0000000087300000| PB 0x0000000087300000| Complete 
|  40|0x0000000087400000, 0x0000000087500000, 0x0000000087500000|100%|HS|  |TAMS 0x0000000087400000| PB 0x0000000087400000| Complete 
|  41|0x0000000087500000, 0x0000000087600000, 0x0000000087600000|100%|HC|  |TAMS 0x0000000087500000| PB 0x0000000087500000| Complete 
|  42|0x0000000087600000, 0x0000000087700000, 0x0000000087700000|100%|HS|  |TAMS 0x0000000087600000| PB 0x0000000087600000| Complete 
|  43|0x0000000087700000, 0x0000000087800000, 0x0000000087800000|100%|HC|  |TAMS 0x0000000087700000| PB 0x0000000087700000| Complete 
|  44|0x0000000087800000, 0x0000000087900000, 0x0000000087900000|100%|HS|  |TAMS 0x0000000087800000| PB 0x0000000087800000| Complete 
|  45|0x0000000087900000, 0x0000000087a00000, 0x0000000087a00000|100%|HC|  |TAMS 0x0000000087900000| PB 0x0000000087900000| Complete 
|  46|0x0000000087a00000, 0x0000000087b00000, 0x0000000087b00000|100%|HS|  |TAMS 0x0000000087a00000| PB 0x0000000087a00000| Complete 
|  47|0x0000000087b00000, 0x0000000087c00000, 0x0000000087c00000|100%|HC|  |TAMS 0x0000000087b00000| PB 0x0000000087b00000| Complete 
|  48|0x0000000087c00000, 0x0000000087d00000, 0x0000000087d00000|100%|HS|  |TAMS 0x0000000087c00000| PB 0x0000000087c00000| Complete 
|  49|0x0000000087d00000, 0x0000000087e00000, 0x0000000087e00000|100%|HC|  |TAMS 0x0000000087d00000| PB 0x0000000087d00000| Complete 
|  50|0x0000000087e00000, 0x0000000087f00000, 0x0000000087f00000|100%|HS|  |TAMS 0x0000000087e00000| PB 0x0000000087e00000| Complete 
|  51|0x0000000087f00000, 0x0000000088000000, 0x0000000088000000|100%|HC|  |TAMS 0x0000000087f00000| PB 0x0000000087f00000| Complete 
|  52|0x0000000088000000, 0x0000000088100000, 0x0000000088100000|100%|HS|  |TAMS 0x0000000088000000| PB 0x0000000088000000| Complete 
|  53|0x0000000088100000, 0x0000000088200000, 0x0000000088200000|100%| O|  |TAMS 0x0000000088100000| PB 0x0000000088100000| Untracked 
|  54|0x0000000088200000, 0x0000000088300000, 0x0000000088300000|100%| O|Cm|TAMS 0x0000000088200000| PB 0x0000000088200000| Complete 
|  55|0x0000000088300000, 0x0000000088400000, 0x0000000088400000|100%| O|Cm|TAMS 0x0000000088300000| PB 0x0000000088300000| Complete 
|  56|0x0000000088400000, 0x0000000088500000, 0x0000000088500000|100%| O|  |TAMS 0x0000000088400000| PB 0x0000000088400000| Untracked 
|  57|0x0000000088500000, 0x0000000088600000, 0x0000000088600000|100%|HS|  |TAMS 0x0000000088500000| PB 0x0000000088500000| Complete 
|  58|0x0000000088600000, 0x0000000088700000, 0x0000000088700000|100%|HC|  |TAMS 0x0000000088600000| PB 0x0000000088600000| Complete 
|  59|0x0000000088700000, 0x0000000088800000, 0x0000000088800000|100%|HS|  |TAMS 0x0000000088700000| PB 0x0000000088700000| Complete 
|  60|0x0000000088800000, 0x0000000088900000, 0x0000000088900000|100%|HC|  |TAMS 0x0000000088800000| PB 0x0000000088800000| Complete 
|  61|0x0000000088900000, 0x0000000088a00000, 0x0000000088a00000|100%|HS|  |TAMS 0x0000000088900000| PB 0x0000000088900000| Complete 
|  62|0x0000000088a00000, 0x0000000088b00000, 0x0000000088b00000|100%|HC|  |TAMS 0x0000000088a00000| PB 0x0000000088a00000| Complete 
|  63|0x0000000088b00000, 0x0000000088c00000, 0x0000000088c00000|100%|HS|  |TAMS 0x0000000088b00000| PB 0x0000000088b00000| Complete 
|  64|0x0000000088c00000, 0x0000000088d00000, 0x0000000088d00000|100%|HC|  |TAMS 0x0000000088c00000| PB 0x0000000088c00000| Complete 
|  65|0x0000000088d00000, 0x0000000088e00000, 0x0000000088e00000|100%|HS|  |TAMS 0x0000000088d00000| PB 0x0000000088d00000| Complete 
|  66|0x0000000088e00000, 0x0000000088f00000, 0x0000000088f00000|100%|HC|  |TAMS 0x0000000088e00000| PB 0x0000000088e00000| Complete 
|  67|0x0000000088f00000, 0x0000000089000000, 0x0000000089000000|100%|HS|  |TAMS 0x0000000088f00000| PB 0x0000000088f00000| Complete 
|  68|0x0000000089000000, 0x0000000089100000, 0x0000000089100000|100%|HC|  |TAMS 0x0000000089000000| PB 0x0000000089000000| Complete 
|  69|0x0000000089100000, 0x0000000089100000, 0x0000000089200000|  0%| F|  |TAMS 0x0000000089100000| PB 0x0000000089100000| Untracked 
|  70|0x0000000089200000, 0x0000000089200000, 0x0000000089300000|  0%| F|  |TAMS 0x0000000089200000| PB 0x0000000089200000| Untracked 
|  71|0x0000000089300000, 0x0000000089300000, 0x0000000089400000|  0%| F|  |TAMS 0x0000000089300000| PB 0x0000000089300000| Untracked 
|  72|0x0000000089400000, 0x0000000089400000, 0x0000000089500000|  0%| F|  |TAMS 0x0000000089400000| PB 0x0000000089400000| Untracked 
|  73|0x0000000089500000, 0x0000000089500000, 0x0000000089600000|  0%| F|  |TAMS 0x0000000089500000| PB 0x0000000089500000| Untracked 
|  74|0x0000000089600000, 0x0000000089600000, 0x0000000089700000|  0%| F|  |TAMS 0x0000000089600000| PB 0x0000000089600000| Untracked 
|  75|0x0000000089700000, 0x0000000089700000, 0x0000000089800000|  0%| F|  |TAMS 0x0000000089700000| PB 0x0000000089700000| Untracked 
|  76|0x0000000089800000, 0x0000000089800000, 0x0000000089900000|  0%| F|  |TAMS 0x0000000089800000| PB 0x0000000089800000| Untracked 
|  77|0x0000000089900000, 0x0000000089900000, 0x0000000089a00000|  0%| F|  |TAMS 0x0000000089900000| PB 0x0000000089900000| Untracked 
|  78|0x0000000089a00000, 0x0000000089a00000, 0x0000000089b00000|  0%| F|  |TAMS 0x0000000089a00000| PB 0x0000000089a00000| Untracked 
|  79|0x0000000089b00000, 0x0000000089b00000, 0x0000000089c00000|  0%| F|  |TAMS 0x0000000089b00000| PB 0x0000000089b00000| Untracked 
|  80|0x0000000089c00000, 0x0000000089c00000, 0x0000000089d00000|  0%| F|  |TAMS 0x0000000089c00000| PB 0x0000000089c00000| Untracked 
|  81|0x0000000089d00000, 0x0000000089d00000, 0x0000000089e00000|  0%| F|  |TAMS 0x0000000089d00000| PB 0x0000000089d00000| Untracked 
|  82|0x0000000089e00000, 0x0000000089e00000, 0x0000000089f00000|  0%| F|  |TAMS 0x0000000089e00000| PB 0x0000000089e00000| Untracked 
|  83|0x0000000089f00000, 0x0000000089f00000, 0x000000008a000000|  0%| F|  |TAMS 0x0000000089f00000| PB 0x0000000089f00000| Untracked 
|  84|0x000000008a000000, 0x000000008a000000, 0x000000008a100000|  0%| F|  |TAMS 0x000000008a000000| PB 0x000000008a000000| Untracked 
|  85|0x000000008a100000, 0x000000008a100000, 0x000000008a200000|  0%| F|  |TAMS 0x000000008a100000| PB 0x000000008a100000| Untracked 
|  86|0x000000008a200000, 0x000000008a300000, 0x000000008a300000|100%| O|Cm|TAMS 0x000000008a200000| PB 0x000000008a200000| Complete 
|  87|0x000000008a300000, 0x000000008a400000, 0x000000008a400000|100%|HS|  |TAMS 0x000000008a300000| PB 0x000000008a300000| Complete 
|  88|0x000000008a400000, 0x000000008a500000, 0x000000008a500000|100%|HC|  |TAMS 0x000000008a400000| PB 0x000000008a400000| Complete 
|  89|0x000000008a500000, 0x000000008a600000, 0x000000008a600000|100%|HS|  |TAMS 0x000000008a500000| PB 0x000000008a500000| Complete 
|  90|0x000000008a600000, 0x000000008a700000, 0x000000008a700000|100%|HC|  |TAMS 0x000000008a600000| PB 0x000000008a600000| Complete 
|  91|0x000000008a700000, 0x000000008a800000, 0x000000008a800000|100%|HS|  |TAMS 0x000000008a700000| PB 0x000000008a700000| Complete 
|  92|0x000000008a800000, 0x000000008a900000, 0x000000008a900000|100%|HC|  |TAMS 0x000000008a800000| PB 0x000000008a800000| Complete 
|  93|0x000000008a900000, 0x000000008aa00000, 0x000000008aa00000|100%| O|  |TAMS 0x000000008a900000| PB 0x000000008a900000| Untracked 
|  94|0x000000008aa00000, 0x000000008aa00000, 0x000000008ab00000|  0%| F|  |TAMS 0x000000008aa00000| PB 0x000000008aa00000| Untracked 
|  95|0x000000008ab00000, 0x000000008ab00000, 0x000000008ac00000|  0%| F|  |TAMS 0x000000008ab00000| PB 0x000000008ab00000| Untracked 
|  96|0x000000008ac00000, 0x000000008ac00000, 0x000000008ad00000|  0%| F|  |TAMS 0x000000008ac00000| PB 0x000000008ac00000| Untracked 
|  97|0x000000008ad00000, 0x000000008ad00000, 0x000000008ae00000|  0%| F|  |TAMS 0x000000008ad00000| PB 0x000000008ad00000| Untracked 
|  98|0x000000008ae00000, 0x000000008ae00000, 0x000000008af00000|  0%| F|  |TAMS 0x000000008ae00000| PB 0x000000008ae00000| Untracked 
|  99|0x000000008af00000, 0x000000008af00000, 0x000000008b000000|  0%| F|  |TAMS 0x000000008af00000| PB 0x000000008af00000| Untracked 
| 100|0x000000008b000000, 0x000000008b000000, 0x000000008b100000|  0%| F|  |TAMS 0x000000008b000000| PB 0x000000008b000000| Untracked 
| 101|0x000000008b100000, 0x000000008b100000, 0x000000008b200000|  0%| F|  |TAMS 0x000000008b100000| PB 0x000000008b100000| Untracked 
| 102|0x000000008b200000, 0x000000008b200000, 0x000000008b300000|  0%| F|  |TAMS 0x000000008b200000| PB 0x000000008b200000| Untracked 
| 103|0x000000008b300000, 0x000000008b300000, 0x000000008b400000|  0%| F|  |TAMS 0x000000008b300000| PB 0x000000008b300000| Untracked 
| 104|0x000000008b400000, 0x000000008b500000, 0x000000008b500000|100%| O|  |TAMS 0x000000008b400000| PB 0x000000008b400000| Untracked 
| 105|0x000000008b500000, 0x000000008b600000, 0x000000008b600000|100%| O|  |TAMS 0x000000008b500000| PB 0x000000008b500000| Untracked 
| 106|0x000000008b600000, 0x000000008b700000, 0x000000008b700000|100%| O|  |TAMS 0x000000008b600000| PB 0x000000008b600000| Untracked 
| 107|0x000000008b700000, 0x000000008b800000, 0x000000008b800000|100%| O|  |TAMS 0x000000008b700000| PB 0x000000008b700000| Untracked 
| 108|0x000000008b800000, 0x000000008b900000, 0x000000008b900000|100%| O|  |TAMS 0x000000008b800000| PB 0x000000008b800000| Untracked 
| 109|0x000000008b900000, 0x000000008ba00000, 0x000000008ba00000|100%|HS|  |TAMS 0x000000008b900000| PB 0x000000008b900000| Complete 
| 110|0x000000008ba00000, 0x000000008bb00000, 0x000000008bb00000|100%|HC|  |TAMS 0x000000008ba00000| PB 0x000000008ba00000| Complete 
| 111|0x000000008bb00000, 0x000000008bc00000, 0x000000008bc00000|100%| O|  |TAMS 0x000000008bb00000| PB 0x000000008bb00000| Untracked 
| 112|0x000000008bc00000, 0x000000008bd00000, 0x000000008bd00000|100%|HS|  |TAMS 0x000000008bc00000| PB 0x000000008bc00000| Complete 
| 113|0x000000008bd00000, 0x000000008be00000, 0x000000008be00000|100%|HC|  |TAMS 0x000000008bd00000| PB 0x000000008bd00000| Complete 
| 114|0x000000008be00000, 0x000000008be00000, 0x000000008bf00000|  0%| F|  |TAMS 0x000000008be00000| PB 0x000000008be00000| Untracked 
| 115|0x000000008bf00000, 0x000000008bf00000, 0x000000008c000000|  0%| F|  |TAMS 0x000000008bf00000| PB 0x000000008bf00000| Untracked 
| 116|0x000000008c000000, 0x000000008c000000, 0x000000008c100000|  0%| F|  |TAMS 0x000000008c000000| PB 0x000000008c000000| Untracked 
| 117|0x000000008c100000, 0x000000008c100000, 0x000000008c200000|  0%| F|  |TAMS 0x000000008c100000| PB 0x000000008c100000| Untracked 
| 118|0x000000008c200000, 0x000000008c200000, 0x000000008c300000|  0%| F|  |TAMS 0x000000008c200000| PB 0x000000008c200000| Untracked 
| 119|0x000000008c300000, 0x000000008c400000, 0x000000008c400000|100%|HS|  |TAMS 0x000000008c300000| PB 0x000000008c300000| Complete 
| 120|0x000000008c400000, 0x000000008c500000, 0x000000008c500000|100%|HC|  |TAMS 0x000000008c400000| PB 0x000000008c400000| Complete 
| 121|0x000000008c500000, 0x000000008c600000, 0x000000008c600000|100%|HS|  |TAMS 0x000000008c500000| PB 0x000000008c500000| Complete 
| 122|0x000000008c600000, 0x000000008c700000, 0x000000008c700000|100%|HC|  |TAMS 0x000000008c600000| PB 0x000000008c600000| Complete 
| 123|0x000000008c700000, 0x000000008c800000, 0x000000008c800000|100%|HC|  |TAMS 0x000000008c700000| PB 0x000000008c700000| Complete 
| 124|0x000000008c800000, 0x000000008c900000, 0x000000008c900000|100%|HS|  |TAMS 0x000000008c800000| PB 0x000000008c800000| Complete 
| 125|0x000000008c900000, 0x000000008ca00000, 0x000000008ca00000|100%|HC|  |TAMS 0x000000008c900000| PB 0x000000008c900000| Complete 
| 126|0x000000008ca00000, 0x000000008ca00000, 0x000000008cb00000|  0%| F|  |TAMS 0x000000008ca00000| PB 0x000000008ca00000| Untracked 
| 127|0x000000008cb00000, 0x000000008cb00000, 0x000000008cc00000|  0%| F|  |TAMS 0x000000008cb00000| PB 0x000000008cb00000| Untracked 
| 128|0x000000008cc00000, 0x000000008cc00000, 0x000000008cd00000|  0%| F|  |TAMS 0x000000008cc00000| PB 0x000000008cc00000| Untracked 
| 129|0x000000008cd00000, 0x000000008cd00000, 0x000000008ce00000|  0%| F|  |TAMS 0x000000008cd00000| PB 0x000000008cd00000| Untracked 
| 130|0x000000008ce00000, 0x000000008ce00000, 0x000000008cf00000|  0%| F|  |TAMS 0x000000008ce00000| PB 0x000000008ce00000| Untracked 
| 131|0x000000008cf00000, 0x000000008cf00000, 0x000000008d000000|  0%| F|  |TAMS 0x000000008cf00000| PB 0x000000008cf00000| Untracked 
| 132|0x000000008d000000, 0x000000008d000000, 0x000000008d100000|  0%| F|  |TAMS 0x000000008d000000| PB 0x000000008d000000| Untracked 
| 133|0x000000008d100000, 0x000000008d100000, 0x000000008d200000|  0%| F|  |TAMS 0x000000008d100000| PB 0x000000008d100000| Untracked 
| 134|0x000000008d200000, 0x000000008d200000, 0x000000008d300000|  0%| F|  |TAMS 0x000000008d200000| PB 0x000000008d200000| Untracked 
| 135|0x000000008d300000, 0x000000008d300000, 0x000000008d400000|  0%| F|  |TAMS 0x000000008d300000| PB 0x000000008d300000| Untracked 
| 136|0x000000008d400000, 0x000000008d400000, 0x000000008d500000|  0%| F|  |TAMS 0x000000008d400000| PB 0x000000008d400000| Untracked 
| 137|0x000000008d500000, 0x000000008d500000, 0x000000008d600000|  0%| F|  |TAMS 0x000000008d500000| PB 0x000000008d500000| Untracked 
| 138|0x000000008d600000, 0x000000008d600000, 0x000000008d700000|  0%| F|  |TAMS 0x000000008d600000| PB 0x000000008d600000| Untracked 
| 139|0x000000008d700000, 0x000000008d700000, 0x000000008d800000|  0%| F|  |TAMS 0x000000008d700000| PB 0x000000008d700000| Untracked 
| 140|0x000000008d800000, 0x000000008d800000, 0x000000008d900000|  0%| F|  |TAMS 0x000000008d800000| PB 0x000000008d800000| Untracked 
| 141|0x000000008d900000, 0x000000008d900000, 0x000000008da00000|  0%| F|  |TAMS 0x000000008d900000| PB 0x000000008d900000| Untracked 
| 142|0x000000008da00000, 0x000000008da00000, 0x000000008db00000|  0%| F|  |TAMS 0x000000008da00000| PB 0x000000008da00000| Untracked 
| 143|0x000000008db00000, 0x000000008db00000, 0x000000008dc00000|  0%| F|  |TAMS 0x000000008db00000| PB 0x000000008db00000| Untracked 
| 144|0x000000008dc00000, 0x000000008dc00000, 0x000000008dd00000|  0%| F|  |TAMS 0x000000008dc00000| PB 0x000000008dc00000| Untracked 
| 145|0x000000008dd00000, 0x000000008dd00000, 0x000000008de00000|  0%| F|  |TAMS 0x000000008dd00000| PB 0x000000008dd00000| Untracked 
| 146|0x000000008de00000, 0x000000008de00000, 0x000000008df00000|  0%| F|  |TAMS 0x000000008de00000| PB 0x000000008de00000| Untracked 
| 147|0x000000008df00000, 0x000000008df00000, 0x000000008e000000|  0%| F|  |TAMS 0x000000008df00000| PB 0x000000008df00000| Untracked 
| 148|0x000000008e000000, 0x000000008e000000, 0x000000008e100000|  0%| F|  |TAMS 0x000000008e000000| PB 0x000000008e000000| Untracked 
| 149|0x000000008e100000, 0x000000008e100000, 0x000000008e200000|  0%| F|  |TAMS 0x000000008e100000| PB 0x000000008e100000| Untracked 
| 150|0x000000008e200000, 0x000000008e200000, 0x000000008e300000|  0%| F|  |TAMS 0x000000008e200000| PB 0x000000008e200000| Untracked 
| 151|0x000000008e300000, 0x000000008e300000, 0x000000008e400000|  0%| F|  |TAMS 0x000000008e300000| PB 0x000000008e300000| Untracked 
| 152|0x000000008e400000, 0x000000008e400000, 0x000000008e500000|  0%| F|  |TAMS 0x000000008e400000| PB 0x000000008e400000| Untracked 
| 153|0x000000008e500000, 0x000000008e600000, 0x000000008e600000|100%| S|CS|TAMS 0x000000008e500000| PB 0x000000008e500000| Complete 
| 154|0x000000008e600000, 0x000000008e700000, 0x000000008e700000|100%| S|CS|TAMS 0x000000008e600000| PB 0x000000008e600000| Complete 
| 155|0x000000008e700000, 0x000000008e800000, 0x000000008e800000|100%| S|CS|TAMS 0x000000008e700000| PB 0x000000008e700000| Complete 
| 156|0x000000008e800000, 0x000000008e900000, 0x000000008e900000|100%| S|CS|TAMS 0x000000008e800000| PB 0x000000008e800000| Complete 
| 157|0x000000008e900000, 0x000000008ea00000, 0x000000008ea00000|100%| S|CS|TAMS 0x000000008e900000| PB 0x000000008e900000| Complete 
| 158|0x000000008ea00000, 0x000000008eb00000, 0x000000008eb00000|100%| S|CS|TAMS 0x000000008ea00000| PB 0x000000008ea00000| Complete 
| 159|0x000000008eb00000, 0x000000008eb00000, 0x000000008ec00000|  0%| F|  |TAMS 0x000000008eb00000| PB 0x000000008eb00000| Untracked 
| 160|0x000000008ec00000, 0x000000008ec00000, 0x000000008ed00000|  0%| F|  |TAMS 0x000000008ec00000| PB 0x000000008ec00000| Untracked 
| 161|0x000000008ed00000, 0x000000008ed00000, 0x000000008ee00000|  0%| F|  |TAMS 0x000000008ed00000| PB 0x000000008ed00000| Untracked 
| 162|0x000000008ee00000, 0x000000008ee00000, 0x000000008ef00000|  0%| F|  |TAMS 0x000000008ee00000| PB 0x000000008ee00000| Untracked 
| 163|0x000000008ef00000, 0x000000008ef00000, 0x000000008f000000|  0%| F|  |TAMS 0x000000008ef00000| PB 0x000000008ef00000| Untracked 
| 164|0x000000008f000000, 0x000000008f000000, 0x000000008f100000|  0%| F|  |TAMS 0x000000008f000000| PB 0x000000008f000000| Untracked 
| 165|0x000000008f100000, 0x000000008f200000, 0x000000008f200000|100%|HS|  |TAMS 0x000000008f100000| PB 0x000000008f100000| Complete 
| 166|0x000000008f200000, 0x000000008f300000, 0x000000008f300000|100%|HC|  |TAMS 0x000000008f200000| PB 0x000000008f200000| Complete 
| 167|0x000000008f300000, 0x000000008f400000, 0x000000008f400000|100%|HS|  |TAMS 0x000000008f300000| PB 0x000000008f300000| Complete 
| 168|0x000000008f400000, 0x000000008f500000, 0x000000008f500000|100%|HC|  |TAMS 0x000000008f400000| PB 0x000000008f400000| Complete 
| 169|0x000000008f500000, 0x000000008f600000, 0x000000008f600000|100%|HS|  |TAMS 0x000000008f500000| PB 0x000000008f500000| Complete 
| 170|0x000000008f600000, 0x000000008f700000, 0x000000008f700000|100%|HC|  |TAMS 0x000000008f600000| PB 0x000000008f600000| Complete 
| 171|0x000000008f700000, 0x000000008f800000, 0x000000008f800000|100%|HS|  |TAMS 0x000000008f700000| PB 0x000000008f700000| Complete 
| 172|0x000000008f800000, 0x000000008f900000, 0x000000008f900000|100%|HC|  |TAMS 0x000000008f800000| PB 0x000000008f800000| Complete 
| 173|0x000000008f900000, 0x000000008fa00000, 0x000000008fa00000|100%|HS|  |TAMS 0x000000008f900000| PB 0x000000008f900000| Complete 
| 174|0x000000008fa00000, 0x000000008fb00000, 0x000000008fb00000|100%|HC|  |TAMS 0x000000008fa00000| PB 0x000000008fa00000| Complete 
| 175|0x000000008fb00000, 0x000000008fb00000, 0x000000008fc00000|  0%| F|  |TAMS 0x000000008fb00000| PB 0x000000008fb00000| Untracked 
| 176|0x000000008fc00000, 0x000000008fc00000, 0x000000008fd00000|  0%| F|  |TAMS 0x000000008fc00000| PB 0x000000008fc00000| Untracked 
| 177|0x000000008fd00000, 0x000000008fd00000, 0x000000008fe00000|  0%| F|  |TAMS 0x000000008fd00000| PB 0x000000008fd00000| Untracked 
| 178|0x000000008fe00000, 0x000000008fe00000, 0x000000008ff00000|  0%| F|  |TAMS 0x000000008fe00000| PB 0x000000008fe00000| Untracked 
| 179|0x000000008ff00000, 0x000000008ff00000, 0x0000000090000000|  0%| F|  |TAMS 0x000000008ff00000| PB 0x000000008ff00000| Untracked 
| 180|0x0000000090000000, 0x0000000090000000, 0x0000000090100000|  0%| F|  |TAMS 0x0000000090000000| PB 0x0000000090000000| Untracked 
| 181|0x0000000090100000, 0x0000000090200000, 0x0000000090200000|100%|HS|  |TAMS 0x0000000090100000| PB 0x0000000090100000| Complete 
| 182|0x0000000090200000, 0x0000000090300000, 0x0000000090300000|100%|HC|  |TAMS 0x0000000090200000| PB 0x0000000090200000| Complete 
| 183|0x0000000090300000, 0x0000000090400000, 0x0000000090400000|100%|HS|  |TAMS 0x0000000090300000| PB 0x0000000090300000| Complete 
| 184|0x0000000090400000, 0x0000000090500000, 0x0000000090500000|100%|HC|  |TAMS 0x0000000090400000| PB 0x0000000090400000| Complete 
| 185|0x0000000090500000, 0x0000000090600000, 0x0000000090600000|100%|HS|  |TAMS 0x0000000090500000| PB 0x0000000090500000| Complete 
| 186|0x0000000090600000, 0x0000000090700000, 0x0000000090700000|100%|HC|  |TAMS 0x0000000090600000| PB 0x0000000090600000| Complete 
| 187|0x0000000090700000, 0x0000000090800000, 0x0000000090800000|100%|HS|  |TAMS 0x0000000090700000| PB 0x0000000090700000| Complete 
| 188|0x0000000090800000, 0x0000000090900000, 0x0000000090900000|100%|HC|  |TAMS 0x0000000090800000| PB 0x0000000090800000| Complete 
| 189|0x0000000090900000, 0x0000000090a00000, 0x0000000090a00000|100%|HS|  |TAMS 0x0000000090900000| PB 0x0000000090900000| Complete 
| 190|0x0000000090a00000, 0x0000000090b00000, 0x0000000090b00000|100%|HC|  |TAMS 0x0000000090a00000| PB 0x0000000090a00000| Complete 
| 191|0x0000000090b00000, 0x0000000090c00000, 0x0000000090c00000|100%|HS|  |TAMS 0x0000000090b00000| PB 0x0000000090b00000| Complete 
| 192|0x0000000090c00000, 0x0000000090d00000, 0x0000000090d00000|100%|HC|  |TAMS 0x0000000090c00000| PB 0x0000000090c00000| Complete 
| 193|0x0000000090d00000, 0x0000000090e00000, 0x0000000090e00000|100%|HS|  |TAMS 0x0000000090d00000| PB 0x0000000090d00000| Complete 
| 194|0x0000000090e00000, 0x0000000090f00000, 0x0000000090f00000|100%|HC|  |TAMS 0x0000000090e00000| PB 0x0000000090e00000| Complete 
| 195|0x0000000090f00000, 0x0000000091000000, 0x0000000091000000|100%|HS|  |TAMS 0x0000000090f00000| PB 0x0000000090f00000| Complete 
| 196|0x0000000091000000, 0x0000000091100000, 0x0000000091100000|100%|HC|  |TAMS 0x0000000091000000| PB 0x0000000091000000| Complete 
| 197|0x0000000091100000, 0x0000000091200000, 0x0000000091200000|100%|HS|  |TAMS 0x0000000091100000| PB 0x0000000091100000| Complete 
| 198|0x0000000091200000, 0x0000000091300000, 0x0000000091300000|100%|HC|  |TAMS 0x0000000091200000| PB 0x0000000091200000| Complete 
| 199|0x0000000091300000, 0x0000000091400000, 0x0000000091400000|100%|HS|  |TAMS 0x0000000091300000| PB 0x0000000091300000| Complete 
| 200|0x0000000091400000, 0x0000000091500000, 0x0000000091500000|100%|HC|  |TAMS 0x0000000091400000| PB 0x0000000091400000| Complete 
| 201|0x0000000091500000, 0x0000000091600000, 0x0000000091600000|100%|HS|  |TAMS 0x0000000091500000| PB 0x0000000091500000| Complete 
| 202|0x0000000091600000, 0x0000000091700000, 0x0000000091700000|100%|HC|  |TAMS 0x0000000091600000| PB 0x0000000091600000| Complete 
| 203|0x0000000091700000, 0x0000000091700000, 0x0000000091800000|  0%| F|  |TAMS 0x0000000091700000| PB 0x0000000091700000| Untracked 
| 204|0x0000000091800000, 0x0000000091800000, 0x0000000091900000|  0%| F|  |TAMS 0x0000000091800000| PB 0x0000000091800000| Untracked 
| 205|0x0000000091900000, 0x0000000091900000, 0x0000000091a00000|  0%| F|  |TAMS 0x0000000091900000| PB 0x0000000091900000| Untracked 
| 206|0x0000000091a00000, 0x0000000091a00000, 0x0000000091b00000|  0%| F|  |TAMS 0x0000000091a00000| PB 0x0000000091a00000| Untracked 
| 207|0x0000000091b00000, 0x0000000091b00000, 0x0000000091c00000|  0%| F|  |TAMS 0x0000000091b00000| PB 0x0000000091b00000| Untracked 
| 208|0x0000000091c00000, 0x0000000091c80000, 0x0000000091d00000| 50%| E|  |TAMS 0x0000000091c00000| PB 0x0000000091c00000| Complete 
| 209|0x0000000091d00000, 0x0000000091e00000, 0x0000000091e00000|100%| E|CS|TAMS 0x0000000091d00000| PB 0x0000000091d00000| Complete 
|1938|0x00000000fde00000, 0x00000000fdf00000, 0x00000000fdf00000|100%| O|  |TAMS 0x00000000fde00000| PB 0x00000000fde00000| Untracked 
|1939|0x00000000fdf00000, 0x00000000fe000000, 0x00000000fe000000|100%| O|  |TAMS 0x00000000fdf00000| PB 0x00000000fdf00000| Untracked 
|1940|0x00000000fe000000, 0x00000000fe100000, 0x00000000fe100000|100%| O|  |TAMS 0x00000000fe000000| PB 0x00000000fe000000| Untracked 
|1941|0x00000000fe100000, 0x00000000fe200000, 0x00000000fe200000|100%| O|  |TAMS 0x00000000fe100000| PB 0x00000000fe100000| Untracked 
|1942|0x00000000fe200000, 0x00000000fe300000, 0x00000000fe300000|100%| O|  |TAMS 0x00000000fe200000| PB 0x00000000fe200000| Untracked 
|1943|0x00000000fe300000, 0x00000000fe400000, 0x00000000fe400000|100%| O|  |TAMS 0x00000000fe300000| PB 0x00000000fe300000| Untracked 
|1944|0x00000000fe400000, 0x00000000fe500000, 0x00000000fe500000|100%| O|  |TAMS 0x00000000fe400000| PB 0x00000000fe400000| Untracked 
|1945|0x00000000fe500000, 0x00000000fe600000, 0x00000000fe600000|100%| O|  |TAMS 0x00000000fe500000| PB 0x00000000fe500000| Untracked 
|1946|0x00000000fe600000, 0x00000000fe700000, 0x00000000fe700000|100%| O|Cm|TAMS 0x00000000fe600000| PB 0x00000000fe600000| Complete 
|1947|0x00000000fe700000, 0x00000000fe800000, 0x00000000fe800000|100%| O|  |TAMS 0x00000000fe700000| PB 0x00000000fe700000| Untracked 
|1948|0x00000000fe800000, 0x00000000fe900000, 0x00000000fe900000|100%| O|  |TAMS 0x00000000fe800000| PB 0x00000000fe800000| Untracked 
|1949|0x00000000fe900000, 0x00000000fea00000, 0x00000000fea00000|100%| O|Cm|TAMS 0x00000000fe900000| PB 0x00000000fe900000| Complete 
|1950|0x00000000fea00000, 0x00000000feb00000, 0x00000000feb00000|100%| O|Cm|TAMS 0x00000000fea00000| PB 0x00000000fea00000| Complete 
|1951|0x00000000feb00000, 0x00000000fec00000, 0x00000000fec00000|100%| E|CS|TAMS 0x00000000feb00000| PB 0x00000000feb00000| Complete 
|1952|0x00000000fec00000, 0x00000000fed00000, 0x00000000fed00000|100%| O|Cm|TAMS 0x00000000fec00000| PB 0x00000000fec00000| Complete 
|1953|0x00000000fed00000, 0x00000000fee00000, 0x00000000fee00000|100%| O|Cm|TAMS 0x00000000fed00000| PB 0x00000000fed00000| Complete 
|1954|0x00000000fee00000, 0x00000000fef00000, 0x00000000fef00000|100%| O|Cm|TAMS 0x00000000fee00000| PB 0x00000000fee00000| Complete 
|1955|0x00000000fef00000, 0x00000000ff000000, 0x00000000ff000000|100%| O|Cm|TAMS 0x00000000fef00000| PB 0x00000000fef00000| Complete 
|1956|0x00000000ff000000, 0x00000000ff100000, 0x00000000ff100000|100%| O|  |TAMS 0x00000000ff000000| PB 0x00000000ff000000| Untracked 
|1957|0x00000000ff100000, 0x00000000ff200000, 0x00000000ff200000|100%| O|  |TAMS 0x00000000ff100000| PB 0x00000000ff100000| Untracked 
|1958|0x00000000ff200000, 0x00000000ff300000, 0x00000000ff300000|100%| O|  |TAMS 0x00000000ff200000| PB 0x00000000ff200000| Untracked 
|1959|0x00000000ff300000, 0x00000000ff400000, 0x00000000ff400000|100%| O|  |TAMS 0x00000000ff300000| PB 0x00000000ff300000| Untracked 
|1960|0x00000000ff400000, 0x00000000ff500000, 0x00000000ff500000|100%| O|  |TAMS 0x00000000ff400000| PB 0x00000000ff400000| Untracked 
|1961|0x00000000ff500000, 0x00000000ff600000, 0x00000000ff600000|100%| O|  |TAMS 0x00000000ff500000| PB 0x00000000ff500000| Untracked 
|1962|0x00000000ff600000, 0x00000000ff700000, 0x00000000ff700000|100%| E|CS|TAMS 0x00000000ff600000| PB 0x00000000ff600000| Complete 
|1963|0x00000000ff700000, 0x00000000ff800000, 0x00000000ff800000|100%| O|  |TAMS 0x00000000ff700000| PB 0x00000000ff700000| Untracked 
|1964|0x00000000ff800000, 0x00000000ff900000, 0x00000000ff900000|100%| O|  |TAMS 0x00000000ff800000| PB 0x00000000ff800000| Untracked 
|1965|0x00000000ff900000, 0x00000000ffa00000, 0x00000000ffa00000|100%| O|  |TAMS 0x00000000ff900000| PB 0x00000000ff900000| Untracked 
|1966|0x00000000ffa00000, 0x00000000ffb00000, 0x00000000ffb00000|100%| O|  |TAMS 0x00000000ffa00000| PB 0x00000000ffa00000| Untracked 
|1967|0x00000000ffb00000, 0x00000000ffc00000, 0x00000000ffc00000|100%| E|CS|TAMS 0x00000000ffb00000| PB 0x00000000ffb00000| Complete 
|1968|0x00000000ffc00000, 0x00000000ffd00000, 0x00000000ffd00000|100%| E|CS|TAMS 0x00000000ffc00000| PB 0x00000000ffc00000| Complete 
|1969|0x00000000ffd00000, 0x00000000ffe00000, 0x00000000ffe00000|100%| E|CS|TAMS 0x00000000ffd00000| PB 0x00000000ffd00000| Complete 
|1970|0x00000000ffe00000, 0x00000000fff00000, 0x00000000fff00000|100%| O|  |TAMS 0x00000000ffe00000| PB 0x00000000ffe00000| Untracked 
|1971|0x00000000fff00000, 0x0000000100000000, 0x0000000100000000|100%| E|CS|TAMS 0x00000000fff00000| PB 0x00000000fff00000| Complete 

Card table byte_map: [0x00000250fdb90000,0x00000250fdf70000] _byte_map_base: 0x00000250fd76a000

Marking Bits: (CMBitMap*) 0x00000250e8ab3280
 Bits: [0x00000250fdf70000, 0x00000250ffe40000)

Polling page: 0x00000250e8b20000

Metaspace:

Usage:
  Non-class:     22.03 MB used.
      Class:      3.37 MB used.
       Both:     25.40 MB used.

Virtual space:
  Non-class space:       64.00 MB reserved,      22.25 MB ( 35%) committed,  1 nodes.
      Class space:        1.00 GB reserved,       3.56 MB ( <1%) committed,  1 nodes.
             Both:        1.06 GB reserved,      25.81 MB (  2%) committed. 

Chunk freelists:
   Non-Class:  9.35 MB
       Class:  12.48 MB
        Both:  21.83 MB

MaxMetaspaceSize: unlimited
CompressedClassSpaceSize: 1.00 GB
Initial GC threshold: 21.00 MB
Current GC threshold: 42.94 MB
CDS: on
 - commit_granule_bytes: 65536.
 - commit_granule_words: 8192.
 - virtual_space_node_default_size: 8388608.
 - enlarge_chunks_in_place: 1.
 - use_allocation_guard: 0.


Internal statistics:

num_allocs_failed_limit: 3.
num_arena_births: 536.
num_arena_deaths: 0.
num_vsnodes_births: 2.
num_vsnodes_deaths: 0.
num_space_committed: 413.
num_space_uncommitted: 0.
num_chunks_returned_to_freelist: 3.
num_chunks_taken_from_freelist: 1465.
num_chunk_merges: 3.
num_chunk_splits: 1000.
num_chunks_enlarged: 717.
num_inconsistent_stats: 0.

CodeHeap 'non-profiled nmethods': size=120000Kb used=4022Kb max_used=4270Kb free=115978Kb
 bounds [0x00000250f5810000, 0x00000250f5c40000, 0x00000250fcd40000]
CodeHeap 'profiled nmethods': size=120000Kb used=14272Kb max_used=16711Kb free=105727Kb
 bounds [0x00000250edd40000, 0x00000250eeda0000, 0x00000250f5270000]
CodeHeap 'non-nmethods': size=5760Kb used=2144Kb max_used=2197Kb free=3616Kb
 bounds [0x00000250f5270000, 0x00000250f54e0000, 0x00000250f5810000]
 total_blobs=7733 nmethods=6849 adapters=787
 compilation: enabled
              stopped_count=0, restarted_count=0
 full_count=0

Compilation events (20 events):
Event: 68.502 Thread 0x000002508294fcc0 nmethod 8192 0x00000250ee071b90 code [0x00000250ee071da0, 0x00000250ee0724a8]
Event: 68.506 Thread 0x00000250ce0f50a0 nmethod 8182 0x00000250f5989910 code [0x00000250f5989b20, 0x00000250f598a0e0]
Event: 68.506 Thread 0x000002508294fcc0 8195       1       com.sun.prism.impl.BaseTexture::setLastImageSerial (6 bytes)
Event: 68.506 Thread 0x00000250ce0f50a0 8194       4       com.sun.javafx.image.impl.BaseByteToByteConverter$ByteAnyToSameConverter::doConvert (39 bytes)
Event: 68.506 Thread 0x000002508294fcc0 nmethod 8195 0x00000250f5994410 code [0x00000250f59945a0, 0x00000250f5994668]
Event: 68.507 Thread 0x000002508294fcc0 8196       3       com.sun.javafx.sg.prism.NGRegion::renderBackgroundRectanglesDirectly (346 bytes)
Event: 68.508 Thread 0x00000250ce0f50a0 nmethod 8194 0x00000250f5a2b790 code [0x00000250f5a2b920, 0x00000250f5a2baf0]
Event: 68.508 Thread 0x00000250ce0f50a0 8193  s    4       com.sun.scenario.effect.impl.ImagePool::checkIn (145 bytes)
Event: 68.509 Thread 0x000002508294fcc0 nmethod 8196 0x00000250ee3e6510 code [0x00000250ee3e6840, 0x00000250ee3e7b78]
Event: 68.512 Thread 0x000002508294fcc0 8197       3       javafx.scene.layout.VBox$$Lambda/0x00000250841a7038::call (8 bytes)
Event: 68.513 Thread 0x000002508294fcc0 nmethod 8197 0x00000250ee3dbe10 code [0x00000250ee3dc020, 0x00000250ee3dc660]
Event: 68.513 Thread 0x000002508294fcc0 8199       3       javafx.scene.layout.VBox::getAreaHeights (230 bytes)
Event: 68.515 Thread 0x000002508294fcc0 nmethod 8199 0x00000250ee469510 code [0x00000250ee469a80, 0x00000250ee46c3b0]
Event: 68.515 Thread 0x000002508294fcc0 8198       3       javafx.scene.layout.VBox::lambda$static$0 (5 bytes)
Event: 68.516 Thread 0x000002508294fcc0 nmethod 8198 0x00000250eded4390 code [0x00000250eded45c0, 0x00000250eded5028]
Event: 68.519 Thread 0x000002508294fcc0 8200       1       com.sun.prism.d3d.D3DResourceFactory::isFormatSupported (2 bytes)
Event: 68.519 Thread 0x000002508294fcc0 nmethod 8200 0x00000250f5989610 code [0x00000250f59897a0, 0x00000250f5989868]
Event: 68.528 Thread 0x00000250ce0f50a0 nmethod 8193 0x00000250f5a7d110 code [0x00000250f5a7d380, 0x00000250f5a7e5e0]
Event: 68.528 Thread 0x00000250ce0f50a0 8185       4       javafx.beans.binding.StringExpression::getValue (5 bytes)
Event: 68.528 Thread 0x00000250ce0f50a0 nmethod 8185 0x00000250f5989190 code [0x00000250f5989320, 0x00000250f5989400]

GC Heap History (18 events):
Event: 2.794 GC heap before
{Heap before GC invocations=0 (full 0):
 garbage-first heap   total 126976K, used 22528K [0x0000000084c00000, 0x0000000100000000)
  region size 1024K, 23 young (23552K), 0 survivors (0K)
 Metaspace       used 4955K, committed 5120K, reserved 1114112K
  class space    used 584K, committed 640K, reserved 1048576K
}
Event: 2.797 GC heap after
{Heap after GC invocations=1 (full 0):
 garbage-first heap   total 126976K, used 3093K [0x0000000084c00000, 0x0000000100000000)
  region size 1024K, 3 young (3072K), 3 survivors (3072K)
 Metaspace       used 4955K, committed 5120K, reserved 1114112K
  class space    used 584K, committed 640K, reserved 1048576K
}
Event: 3.388 GC heap before
{Heap before GC invocations=1 (full 0):
 garbage-first heap   total 126976K, used 58389K [0x0000000084c00000, 0x0000000100000000)
  region size 1024K, 37 young (37888K), 3 survivors (3072K)
 Metaspace       used 10803K, committed 11200K, reserved 1114112K
  class space    used 1496K, committed 1664K, reserved 1048576K
}
Event: 3.393 GC heap after
{Heap after GC invocations=2 (full 0):
 garbage-first heap   total 126976K, used 29240K [0x0000000084c00000, 0x0000000100000000)
  region size 1024K, 5 young (5120K), 5 survivors (5120K)
 Metaspace       used 10803K, committed 11200K, reserved 1114112K
  class space    used 1496K, committed 1664K, reserved 1048576K
}
Event: 7.921 GC heap before
{Heap before GC invocations=2 (full 0):
 garbage-first heap   total 126976K, used 76344K [0x0000000084c00000, 0x0000000100000000)
  region size 1024K, 51 young (52224K), 5 survivors (5120K)
 Metaspace       used 21158K, committed 21504K, reserved 1114112K
  class space    used 3089K, committed 3264K, reserved 1048576K
}
Event: 7.926 GC heap after
{Heap after GC invocations=3 (full 0):
 garbage-first heap   total 126976K, used 35792K [0x0000000084c00000, 0x0000000100000000)
  region size 1024K, 5 young (5120K), 5 survivors (5120K)
 Metaspace       used 21158K, committed 21504K, reserved 1114112K
  class space    used 3089K, committed 3264K, reserved 1048576K
}
Event: 27.423 GC heap before
{Heap before GC invocations=4 (full 0):
 garbage-first heap   total 148480K, used 146384K [0x0000000084c00000, 0x0000000100000000)
  region size 1024K, 52 young (53248K), 5 survivors (5120K)
 Metaspace       used 24605K, committed 25024K, reserved 1114112K
  class space    used 3410K, committed 3584K, reserved 1048576K
}
Event: 27.433 GC heap after
{Heap after GC invocations=5 (full 0):
 garbage-first heap   total 164864K, used 94847K [0x0000000084c00000, 0x0000000100000000)
  region size 1024K, 10 young (10240K), 10 survivors (10240K)
 Metaspace       used 24605K, committed 25024K, reserved 1114112K
  class space    used 3410K, committed 3584K, reserved 1048576K
}
Event: 34.546 GC heap before
{Heap before GC invocations=5 (full 0):
 garbage-first heap   total 164864K, used 163455K [0x0000000084c00000, 0x0000000100000000)
  region size 1024K, 44 young (45056K), 10 survivors (10240K)
 Metaspace       used 25063K, committed 25472K, reserved 1114112K
  class space    used 3414K, committed 3584K, reserved 1048576K
}
Event: 34.556 GC heap after
{Heap after GC invocations=6 (full 0):
 garbage-first heap   total 182272K, used 105904K [0x0000000084c00000, 0x0000000100000000)
  region size 1024K, 6 young (6144K), 6 survivors (6144K)
 Metaspace       used 25063K, committed 25472K, reserved 1114112K
  class space    used 3414K, committed 3584K, reserved 1048576K
}
Event: 52.155 GC heap before
{Heap before GC invocations=6 (full 0):
 garbage-first heap   total 182272K, used 122288K [0x0000000084c00000, 0x0000000100000000)
  region size 1024K, 23 young (23552K), 6 survivors (6144K)
 Metaspace       used 25278K, committed 25664K, reserved 1114112K
  class space    used 3426K, committed 3584K, reserved 1048576K
}
Event: 52.160 GC heap after
{Heap after GC invocations=7 (full 0):
 garbage-first heap   total 182272K, used 112188K [0x0000000084c00000, 0x0000000100000000)
  region size 1024K, 6 young (6144K), 6 survivors (6144K)
 Metaspace       used 25278K, committed 25664K, reserved 1114112K
  class space    used 3426K, committed 3584K, reserved 1048576K
}
Event: 58.111 GC heap before
{Heap before GC invocations=8 (full 0):
 garbage-first heap   total 196608K, used 196156K [0x0000000084c00000, 0x0000000100000000)
  region size 1024K, 46 young (47104K), 6 survivors (6144K)
 Metaspace       used 25569K, committed 25984K, reserved 1114112K
  class space    used 3427K, committed 3584K, reserved 1048576K
}
Event: 58.118 GC heap after
{Heap after GC invocations=9 (full 0):
 garbage-first heap   total 209920K, used 132298K [0x0000000084c00000, 0x0000000100000000)
  region size 1024K, 6 young (6144K), 6 survivors (6144K)
 Metaspace       used 25569K, committed 25984K, reserved 1114112K
  class space    used 3427K, committed 3584K, reserved 1048576K
}
Event: 66.847 GC heap before
{Heap before GC invocations=9 (full 0):
 garbage-first heap   total 232448K, used 231626K [0x0000000084c00000, 0x0000000100000000)
  region size 1024K, 45 young (46080K), 6 survivors (6144K)
 Metaspace       used 25859K, committed 26240K, reserved 1114112K
  class space    used 3432K, committed 3584K, reserved 1048576K
}
Event: 66.857 GC heap after
{Heap after GC invocations=10 (full 0):
 garbage-first heap   total 249856K, used 183695K [0x0000000084c00000, 0x0000000100000000)
  region size 1024K, 7 young (7168K), 7 survivors (7168K)
 Metaspace       used 25859K, committed 26240K, reserved 1114112K
  class space    used 3432K, committed 3584K, reserved 1048576K
}
Event: 67.782 GC heap before
{Heap before GC invocations=10 (full 0):
 garbage-first heap   total 249856K, used 200079K [0x0000000084c00000, 0x0000000100000000)
  region size 1024K, 24 young (24576K), 7 survivors (7168K)
 Metaspace       used 25921K, committed 26368K, reserved 1114112K
  class space    used 3440K, committed 3648K, reserved 1048576K
}
Event: 67.788 GC heap after
{Heap after GC invocations=11 (full 0):
 garbage-first heap   total 249856K, used 190464K [0x0000000084c00000, 0x0000000100000000)
  region size 1024K, 6 young (6144K), 6 survivors (6144K)
 Metaspace       used 25921K, committed 26368K, reserved 1114112K
  class space    used 3440K, committed 3648K, reserved 1048576K
}

Dll operation events (20 events):
Event: 1.819 Loaded shared library D:\JavaFx\javafx-sdk-23.0.2\bin\api-ms-win-crt-math-l1-1-0.dll
Event: 1.839 Loaded shared library D:\JavaFx\javafx-sdk-23.0.2\bin\api-ms-win-crt-multibyte-l1-1-0.dll
Event: 1.861 Loaded shared library D:\JavaFx\javafx-sdk-23.0.2\bin\api-ms-win-crt-private-l1-1-0.dll
Event: 1.882 Loaded shared library D:\JavaFx\javafx-sdk-23.0.2\bin\api-ms-win-crt-process-l1-1-0.dll
Event: 1.903 Loaded shared library D:\JavaFx\javafx-sdk-23.0.2\bin\api-ms-win-crt-runtime-l1-1-0.dll
Event: 1.923 Loaded shared library D:\JavaFx\javafx-sdk-23.0.2\bin\api-ms-win-crt-stdio-l1-1-0.dll
Event: 1.944 Loaded shared library D:\JavaFx\javafx-sdk-23.0.2\bin\api-ms-win-crt-string-l1-1-0.dll
Event: 1.964 Loaded shared library D:\JavaFx\javafx-sdk-23.0.2\bin\api-ms-win-crt-time-l1-1-0.dll
Event: 1.985 Loaded shared library D:\JavaFx\javafx-sdk-23.0.2\bin\api-ms-win-crt-utility-l1-1-0.dll
Event: 2.071 Loaded shared library D:\JavaFx\javafx-sdk-23.0.2\bin\ucrtbase.dll
Event: 2.109 Loaded shared library D:\JavaFx\javafx-sdk-23.0.2\bin\vcruntime140.dll
Event: 2.179 Loaded shared library D:\JavaFx\javafx-sdk-23.0.2\bin\vcruntime140_1.dll
Event: 2.241 Loaded shared library D:\JavaFx\javafx-sdk-23.0.2\bin\msvcp140.dll
Event: 2.269 Loaded shared library D:\JavaFx\javafx-sdk-23.0.2\bin\msvcp140_1.dll
Event: 2.402 Loaded shared library D:\JavaFx\javafx-sdk-23.0.2\bin\msvcp140_2.dll
Event: 2.488 Loaded shared library D:\JavaFx\javafx-sdk-23.0.2\bin\prism_d3d.dll
Event: 2.598 Loaded shared library D:\JavaFx\javafx-sdk-23.0.2\bin\glass.dll
Event: 2.772 Loaded shared library C:\Users\Asus\Desktop\eclipse\plugins\org.eclipse.justj.openjdk.hotspot.jre.full.win32.x86_64_21.0.5.v20241023-1957\jre\bin\jimage.dll
Event: 3.086 Loaded shared library D:\JavaFx\javafx-sdk-23.0.2\bin\javafx_font.dll
Event: 3.202 Loaded shared library D:\JavaFx\javafx-sdk-23.0.2\bin\javafx_iio.dll

Deoptimization events (20 events):
Event: 67.816 Thread 0x00000250c81bfdd0 DEOPT PACKING pc=0x00000250f582ae1c sp=0x0000006c285fcc20
Event: 67.816 Thread 0x00000250c81bfdd0 DEOPT UNPACKING pc=0x00000250f52c7da2 sp=0x0000006c285fcb10 mode 2
Event: 67.821 Thread 0x0000025082ce8c90 Uncommon trap: trap_request=0xffffff45 fr.pc=0x00000250f5af3ed0 relative=0x0000000000000ed0
Event: 67.821 Thread 0x0000025082ce8c90 Uncommon trap: reason=unstable_if action=reinterpret pc=0x00000250f5af3ed0 method=com.sun.prism.impl.GlyphCache.getCachedGlyph(II)Lcom/sun/prism/impl/GlyphCache$GlyphData; @ 393 c2
Event: 67.821 Thread 0x0000025082ce8c90 DEOPT PACKING pc=0x00000250f5af3ed0 sp=0x0000006c283fd190
Event: 67.821 Thread 0x0000025082ce8c90 DEOPT UNPACKING pc=0x00000250f52c7da2 sp=0x0000006c283fd0c8 mode 2
Event: 67.822 Thread 0x0000025082ce8c90 Uncommon trap: trap_request=0xffffff45 fr.pc=0x00000250f5beb8e4 relative=0x0000000000001f64
Event: 67.822 Thread 0x0000025082ce8c90 Uncommon trap: reason=unstable_if action=reinterpret pc=0x00000250f5beb8e4 method=com.sun.prism.impl.BaseContext.validateMaskTexture(Lcom/sun/prism/impl/shape/MaskData;Z)Lcom/sun/prism/Texture; @ 114 c2
Event: 67.822 Thread 0x0000025082ce8c90 DEOPT PACKING pc=0x00000250f5beb8e4 sp=0x0000006c283fca10
Event: 67.822 Thread 0x0000025082ce8c90 DEOPT UNPACKING pc=0x00000250f52c7da2 sp=0x0000006c283fc750 mode 2
Event: 67.823 Thread 0x0000025082ce8c90 Uncommon trap: trap_request=0xffffff6e fr.pc=0x00000250f5aee2c8 relative=0x0000000000000628
Event: 67.823 Thread 0x0000025082ce8c90 Uncommon trap: reason=loop_limit_check action=maybe_recompile pc=0x00000250f5aee2c8 method=com.sun.javafx.image.impl.BaseByteToByteConverter$ByteAnyToSameConverter.doConvert([BII[BIIII)V @ 5 c2
Event: 67.823 Thread 0x0000025082ce8c90 DEOPT PACKING pc=0x00000250f5aee2c8 sp=0x0000006c283fc500
Event: 67.823 Thread 0x0000025082ce8c90 DEOPT UNPACKING pc=0x00000250f52c7da2 sp=0x0000006c283fc4a8 mode 2
Event: 67.825 Thread 0x0000025082ce8c90 Uncommon trap: trap_request=0xffffff45 fr.pc=0x00000250f5bbccec relative=0x0000000000000e6c
Event: 67.825 Thread 0x0000025082ce8c90 Uncommon trap: reason=unstable_if action=reinterpret pc=0x00000250f5bbccec method=com.sun.marlin.TransformingPathConsumer2D$PathClipFilter.closePath()V @ 9 c2
Event: 67.825 Thread 0x0000025082ce8c90 DEOPT PACKING pc=0x00000250f5bbccec sp=0x0000006c283fce70
Event: 67.825 Thread 0x0000025082ce8c90 DEOPT UNPACKING pc=0x00000250f52c7da2 sp=0x0000006c283fce00 mode 2
Event: 68.505 Thread 0x0000025082ce8c90 DEOPT PACKING pc=0x00000250ede84d2d sp=0x0000006c283fcdf0
Event: 68.505 Thread 0x0000025082ce8c90 DEOPT UNPACKING pc=0x00000250f52c88e2 sp=0x0000006c283fc290 mode 0

Classes loaded (20 events):
Event: 34.558 Loading class java/security/PrivateKey
Event: 34.558 Loading class java/security/Key
Event: 34.558 Loading class java/security/Key done
Event: 34.558 Loading class javax/security/auth/Destroyable
Event: 34.559 Loading class javax/security/auth/Destroyable done
Event: 34.559 Loading class java/security/PrivateKey done
Event: 34.559 Loading class java/security/spec/InvalidKeySpecException
Event: 34.559 Loading class java/security/spec/InvalidKeySpecException done
Event: 34.559 Loading class java/security/spec/KeySpec
Event: 34.559 Loading class java/security/spec/KeySpec done
Event: 34.559 Loading class java/security/cert/CertificateException
Event: 34.559 Loading class java/security/cert/CertificateException done
Event: 34.559 Loading class javax/net/ssl/SSLSocket
Event: 34.560 Loading class javax/net/ssl/SSLSocket done
Event: 34.560 Loading class javax/crypto/NoSuchPaddingException
Event: 34.560 Loading class javax/crypto/NoSuchPaddingException done
Event: 34.560 Loading class javax/crypto/IllegalBlockSizeException
Event: 34.561 Loading class javax/crypto/IllegalBlockSizeException done
Event: 34.561 Loading class javax/crypto/BadPaddingException
Event: 34.561 Loading class javax/crypto/BadPaddingException done

Classes unloaded (0 events):
No events

Classes redefined (0 events):
No events

Internal exceptions (20 events):
Event: 27.355 Thread 0x00000250c81bfdd0 Exception <a 'java/io/FileNotFoundException'{0x0000000089517f88}> (0x0000000089517f88) 
thrown [s\src\hotspot\share\prims\jni.cpp, line 520]
Event: 27.461 Thread 0x00000250c81bfdd0 Exception <a 'java/io/FileNotFoundException'{0x000000008c202cd0}> (0x000000008c202cd0) 
thrown [s\src\hotspot\share\prims\jni.cpp, line 520]
Event: 33.859 Thread 0x00000250c81bfdd0 Exception <a 'java/io/FileNotFoundException'{0x000000008b1d5598}> (0x000000008b1d5598) 
thrown [s\src\hotspot\share\prims\jni.cpp, line 520]
Event: 33.912 Thread 0x00000250c81bfdd0 Exception <a 'java/io/FileNotFoundException'{0x000000008af39590}> (0x000000008af39590) 
thrown [s\src\hotspot\share\prims\jni.cpp, line 520]
Event: 52.193 Thread 0x00000250c81bfdd0 Exception <a 'java/io/FileNotFoundException'{0x000000008ecb71e8}> (0x000000008ecb71e8) 
thrown [s\src\hotspot\share\prims\jni.cpp, line 520]
Event: 52.249 Thread 0x00000250c81bfdd0 Exception <a 'java/io/FileNotFoundException'{0x00000000ffc3a4b8}> (0x00000000ffc3a4b8) 
thrown [s\src\hotspot\share\prims\jni.cpp, line 520]
Event: 52.261 Thread 0x0000025082ce8c90 Implicit null exception at 0x00000250f5b01c69 to 0x00000250f5b01cf4
Event: 52.261 Thread 0x0000025082ce8c90 Implicit null exception at 0x00000250f5b036ba to 0x00000250f5b03760
Event: 55.184 Thread 0x00000250c81bfdd0 Exception <a 'java/io/FileNotFoundException'{0x000000008dc6c108}> (0x000000008dc6c108) 
thrown [s\src\hotspot\share\prims\jni.cpp, line 520]
Event: 55.232 Thread 0x00000250c81bfdd0 Exception <a 'java/io/FileNotFoundException'{0x000000008dbcb230}> (0x000000008dbcb230) 
thrown [s\src\hotspot\share\prims\jni.cpp, line 520]
Event: 58.052 Thread 0x00000250c81bfdd0 Exception <a 'java/io/FileNotFoundException'{0x000000008c4fb6d0}> (0x000000008c4fb6d0) 
thrown [s\src\hotspot\share\prims\jni.cpp, line 520]
Event: 58.106 Thread 0x00000250c81bfdd0 Exception <a 'java/io/FileNotFoundException'{0x000000008615aaf0}> (0x000000008615aaf0) 
thrown [s\src\hotspot\share\prims\jni.cpp, line 520]
Event: 65.545 Thread 0x00000250c81bfdd0 Exception <a 'java/io/FileNotFoundException'{0x000000008dec3f58}> (0x000000008dec3f58) 
thrown [s\src\hotspot\share\prims\jni.cpp, line 520]
Event: 65.604 Thread 0x00000250c81bfdd0 Exception <a 'java/io/FileNotFoundException'{0x000000008dc2adf8}> (0x000000008dc2adf8) 
thrown [s\src\hotspot\share\prims\jni.cpp, line 520]
Event: 66.771 Thread 0x00000250c81bfdd0 Exception <a 'java/io/FileNotFoundException'{0x000000008cbcabb0}> (0x000000008cbcabb0) 
thrown [s\src\hotspot\share\prims\jni.cpp, line 520]
Event: 66.814 Thread 0x00000250c81bfdd0 Implicit null exception at 0x00000250f5c192b8 to 0x00000250f5c19b60
Event: 66.841 Thread 0x00000250c81bfdd0 Exception <a 'java/io/FileNotFoundException'{0x000000008a938ee0}> (0x000000008a938ee0) 
thrown [s\src\hotspot\share\prims\jni.cpp, line 520]
Event: 67.816 Thread 0x00000250c81bfdd0 Implicit null exception at 0x00000250f582a6ce to 0x00000250f582ae10
Event: 68.420 Thread 0x00000250c81bfdd0 Exception <a 'java/io/FileNotFoundException'{0x00000000ffb97090}> (0x00000000ffb97090) 
thrown [s\src\hotspot\share\prims\jni.cpp, line 520]
Event: 68.489 Thread 0x00000250c81bfdd0 Exception <a 'java/io/FileNotFoundException'{0x00000000ff6f6b88}> (0x00000000ff6f6b88) 
thrown [s\src\hotspot\share\prims\jni.cpp, line 520]

ZGC Phase Switch (0 events):
No events

VM Operations (20 events):
Event: 60.154 Executing VM operation: HandshakeAllThreads (HandshakeForDeflation)
Event: 60.154 Executing VM operation: HandshakeAllThreads (HandshakeForDeflation) done
Event: 60.154 Executing VM operation: RendezvousGCThreads
Event: 60.154 Executing VM operation: RendezvousGCThreads done
Event: 63.155 Executing VM operation: Cleanup
Event: 63.155 Executing VM operation: Cleanup done
Event: 64.156 Executing VM operation: Cleanup
Event: 64.156 Executing VM operation: Cleanup done
Event: 65.157 Executing VM operation: Cleanup
Event: 65.157 Executing VM operation: Cleanup done
Event: 66.157 Executing VM operation: Cleanup
Event: 66.157 Executing VM operation: Cleanup done
Event: 66.847 Executing VM operation: G1CollectForAllocation (G1 Evacuation Pause)
Event: 66.857 Executing VM operation: G1CollectForAllocation (G1 Evacuation Pause) done
Event: 67.782 Executing VM operation: G1TryInitiateConcMark (G1 Humongous Allocation)
Event: 67.788 Executing VM operation: G1TryInitiateConcMark (G1 Humongous Allocation) done
Event: 67.806 Executing VM operation: G1PauseRemark
Event: 67.810 Executing VM operation: G1PauseRemark done
Event: 67.824 Executing VM operation: G1PauseCleanup
Event: 67.824 Executing VM operation: G1PauseCleanup done

Memory protections (0 events):
No events

Nmethod flushes (20 events):
Event: 67.809 Thread 0x000002508291dcb0 flushing  nmethod 0x00000250ee428e10
Event: 67.809 Thread 0x000002508291dcb0 flushing  nmethod 0x00000250ee429b10
Event: 67.809 Thread 0x000002508291dcb0 flushing  nmethod 0x00000250ee42a010
Event: 67.809 Thread 0x000002508291dcb0 flushing  nmethod 0x00000250ee42aa10
Event: 67.809 Thread 0x000002508291dcb0 flushing  nmethod 0x00000250ee42c310
Event: 67.809 Thread 0x000002508291dcb0 flushing  nmethod 0x00000250ee42d790
Event: 67.809 Thread 0x000002508291dcb0 flushing  nmethod 0x00000250ee457710
Event: 67.809 Thread 0x000002508291dcb0 flushing  nmethod 0x00000250ee459410
Event: 67.809 Thread 0x000002508291dcb0 flushing  nmethod 0x00000250ee45c990
Event: 67.809 Thread 0x000002508291dcb0 flushing  nmethod 0x00000250ee45ce10
Event: 67.809 Thread 0x000002508291dcb0 flushing  nmethod 0x00000250ee45e090
Event: 67.809 Thread 0x000002508291dcb0 flushing  nmethod 0x00000250ee45f010
Event: 67.809 Thread 0x000002508291dcb0 flushing  nmethod 0x00000250ee527a10
Event: 67.809 Thread 0x000002508291dcb0 flushing  nmethod 0x00000250ee58b110
Event: 67.809 Thread 0x000002508291dcb0 flushing  nmethod 0x00000250ee6d0310
Event: 67.809 Thread 0x000002508291dcb0 flushing  nmethod 0x00000250ee6d2f90
Event: 67.809 Thread 0x000002508291dcb0 flushing  nmethod 0x00000250ee6d3390
Event: 67.809 Thread 0x000002508291dcb0 flushing  nmethod 0x00000250ee74c710
Event: 67.809 Thread 0x000002508291dcb0 flushing  nmethod 0x00000250ee763110
Event: 67.809 Thread 0x000002508291dcb0 flushing  nmethod 0x00000250ee945f10

Events (20 events):
Event: 0.020 Thread 0x00000250e8a5ad60 Thread added: 0x00000250e8a5ad60
Event: 0.031 Thread 0x00000250e8a5ad60 Thread added: 0x00000250829384f0
Event: 0.031 Thread 0x00000250e8a5ad60 Thread added: 0x00000250829394a0
Event: 0.031 Thread 0x00000250e8a5ad60 Thread added: 0x000002508293fd90
Event: 0.031 Thread 0x00000250e8a5ad60 Thread added: 0x00000250829408d0
Event: 0.031 Thread 0x00000250e8a5ad60 Thread added: 0x00000250829416f0
Event: 0.032 Thread 0x00000250e8a5ad60 Thread added: 0x0000025082942510
Event: 0.032 Thread 0x00000250e8a5ad60 Thread added: 0x000002508294d210
Event: 0.032 Thread 0x00000250e8a5ad60 Thread added: 0x000002508294fcc0
Event: 0.045 Thread 0x00000250e8a5ad60 Thread added: 0x0000025082b74e80
Event: 0.636 Thread 0x00000250e8a5ad60 Thread added: 0x0000025082e89150
Event: 2.438 Thread 0x00000250e8a5ad60 Thread added: 0x0000025082ce8c90
Event: 2.601 Thread 0x00000250e8a5ad60 Thread added: 0x00000250c819a540
Event: 2.603 Thread 0x00000250e8a5ad60 Thread added: 0x00000250c81bfdd0
Event: 2.703 Thread 0x00000250c865c8b0 Thread added: 0x00000250c865c8b0
Event: 2.748 Thread 0x00000250e8a5ad60 Thread added: 0x00000250c863b390
Event: 3.686 Thread 0x00000250c81bfdd0 Thread added: 0x00000250ce058380
Event: 3.927 Thread 0x0000025082ce8c90 Thread added: 0x00000250d2522260
Event: 7.752 Thread 0x00000250c81bfdd0 Thread added: 0x00000250d25d8e70
Event: 68.475 Thread 0x000002508294fcc0 Thread added: 0x00000250ce0f50a0


Dynamic libraries:
0x00007ff616180000 - 0x00007ff61618e000 	C:\Users\Asus\Desktop\eclipse\plugins\org.eclipse.justj.openjdk.hotspot.jre.full.win32.x86_64_21.0.5.v20241023-1957\jre\bin\javaw.exe
0x00007ff8807f0000 - 0x00007ff880a07000 	C:\WINDOWS\SYSTEM32\ntdll.dll
0x00007ff87f2c0000 - 0x00007ff87f384000 	C:\WINDOWS\System32\KERNEL32.DLL
0x00007ff87e0a0000 - 0x00007ff87e472000 	C:\WINDOWS\System32\KERNELBASE.dll
0x00007ff87dc20000 - 0x00007ff87dd31000 	C:\WINDOWS\System32\ucrtbase.dll
0x00007ff863c60000 - 0x00007ff863c78000 	C:\Users\Asus\Desktop\eclipse\plugins\org.eclipse.justj.openjdk.hotspot.jre.full.win32.x86_64_21.0.5.v20241023-1957\jre\bin\jli.dll
0x00007ff863c80000 - 0x00007ff863c9e000 	C:\Users\Asus\Desktop\eclipse\plugins\org.eclipse.justj.openjdk.hotspot.jre.full.win32.x86_64_21.0.5.v20241023-1957\jre\bin\VCRUNTIME140.dll
0x00007ff87f770000 - 0x00007ff87f921000 	C:\WINDOWS\System32\USER32.dll
0x00007ff87de80000 - 0x00007ff87dea6000 	C:\WINDOWS\System32\win32u.dll
0x00007ff85dbc0000 - 0x00007ff85de5b000 	C:\WINDOWS\WinSxS\amd64_microsoft.windows.common-controls_6595b64144ccf1df_6.0.22621.5413_none_270da5617387a498\COMCTL32.dll
0x00007ff87e4d0000 - 0x00007ff87e4f9000 	C:\WINDOWS\System32\GDI32.dll
0x00007ff87e950000 - 0x00007ff87e9f7000 	C:\WINDOWS\System32\msvcrt.dll
0x00007ff87d8e0000 - 0x00007ff87da03000 	C:\WINDOWS\System32\gdi32full.dll
0x00007ff87db80000 - 0x00007ff87dc1a000 	C:\WINDOWS\System32\msvcp_win.dll
0x00007ff87f930000 - 0x00007ff87f961000 	C:\WINDOWS\System32\IMM32.DLL
0x00007ff8736c0000 - 0x00007ff8736cc000 	C:\Users\Asus\Desktop\eclipse\plugins\org.eclipse.justj.openjdk.hotspot.jre.full.win32.x86_64_21.0.5.v20241023-1957\jre\bin\vcruntime140_1.dll
0x00007ff848c30000 - 0x00007ff848cbd000 	C:\Users\Asus\Desktop\eclipse\plugins\org.eclipse.justj.openjdk.hotspot.jre.full.win32.x86_64_21.0.5.v20241023-1957\jre\bin\msvcp140.dll
0x00007fffe69d0000 - 0x00007fffe775f000 	C:\Users\Asus\Desktop\eclipse\plugins\org.eclipse.justj.openjdk.hotspot.jre.full.win32.x86_64_21.0.5.v20241023-1957\jre\bin\server\jvm.dll
0x00007ff87ecf0000 - 0x00007ff87eda1000 	C:\WINDOWS\System32\ADVAPI32.dll
0x00007ff8802c0000 - 0x00007ff880368000 	C:\WINDOWS\System32\sechost.dll
0x00007ff87da10000 - 0x00007ff87da38000 	C:\WINDOWS\System32\bcrypt.dll
0x00007ff87ea00000 - 0x00007ff87eb14000 	C:\WINDOWS\System32\RPCRT4.dll
0x00007ff880220000 - 0x00007ff880291000 	C:\WINDOWS\System32\WS2_32.dll
0x00007ff87c760000 - 0x00007ff87c7ad000 	C:\WINDOWS\SYSTEM32\POWRPROF.dll
0x00007ff877c70000 - 0x00007ff877ca4000 	C:\WINDOWS\SYSTEM32\WINMM.dll
0x00007ff873e40000 - 0x00007ff873e4a000 	C:\WINDOWS\SYSTEM32\VERSION.dll
0x00007ff87c740000 - 0x00007ff87c753000 	C:\WINDOWS\SYSTEM32\UMPDC.dll
0x00007ff87ca00000 - 0x00007ff87ca18000 	C:\WINDOWS\SYSTEM32\kernel.appcore.dll
0x00007ff8647a0000 - 0x00007ff8647aa000 	C:\Users\Asus\Desktop\eclipse\plugins\org.eclipse.justj.openjdk.hotspot.jre.full.win32.x86_64_21.0.5.v20241023-1957\jre\bin\jimage.dll
0x00007ff87b1e0000 - 0x00007ff87b412000 	C:\WINDOWS\SYSTEM32\DBGHELP.DLL
0x00007ff87e500000 - 0x00007ff87e893000 	C:\WINDOWS\System32\combase.dll
0x00007ff8806b0000 - 0x00007ff880787000 	C:\WINDOWS\System32\OLEAUT32.dll
0x00007ff873a00000 - 0x00007ff873a32000 	C:\WINDOWS\SYSTEM32\dbgcore.DLL
0x00007ff87da40000 - 0x00007ff87dabb000 	C:\WINDOWS\System32\bcryptPrimitives.dll
0x00007ff863e10000 - 0x00007ff863e2f000 	C:\Users\Asus\Desktop\eclipse\plugins\org.eclipse.justj.openjdk.hotspot.jre.full.win32.x86_64_21.0.5.v20241023-1957\jre\bin\java.dll
0x00007ff87f970000 - 0x00007ff880212000 	C:\WINDOWS\System32\SHELL32.dll
0x00007ff87dd40000 - 0x00007ff87de7f000 	C:\WINDOWS\System32\wintypes.dll
0x00007ff87b820000 - 0x00007ff87c13d000 	C:\WINDOWS\SYSTEM32\windows.storage.dll
0x00007ff87f3b0000 - 0x00007ff87f4bb000 	C:\WINDOWS\System32\SHCORE.dll
0x00007ff8803f0000 - 0x00007ff880459000 	C:\WINDOWS\System32\shlwapi.dll
0x00007ff87d810000 - 0x00007ff87d83b000 	C:\WINDOWS\SYSTEM32\profapi.dll
0x00007ff863cf0000 - 0x00007ff863d08000 	C:\Users\Asus\Desktop\eclipse\plugins\org.eclipse.justj.openjdk.hotspot.jre.full.win32.x86_64_21.0.5.v20241023-1957\jre\bin\zip.dll
0x00007ff864790000 - 0x00007ff8647a0000 	C:\Users\Asus\Desktop\eclipse\plugins\org.eclipse.justj.openjdk.hotspot.jre.full.win32.x86_64_21.0.5.v20241023-1957\jre\bin\net.dll
0x00007ff879380000 - 0x00007ff8794ac000 	C:\WINDOWS\SYSTEM32\WINHTTP.dll
0x00007ff87ce80000 - 0x00007ff87cee9000 	C:\WINDOWS\system32\mswsock.dll
0x00007ff85a8d0000 - 0x00007ff85a8e6000 	C:\Users\Asus\Desktop\eclipse\plugins\org.eclipse.justj.openjdk.hotspot.jre.full.win32.x86_64_21.0.5.v20241023-1957\jre\bin\nio.dll
0x0000025082e90000 - 0x0000025082e93000 	D:\JavaFx\javafx-sdk-23.0.2\bin\api-ms-win-core-console-l1-1-0.dll
0x0000025082ea0000 - 0x0000025082ea3000 	D:\JavaFx\javafx-sdk-23.0.2\bin\api-ms-win-core-console-l1-2-0.dll
0x0000025082eb0000 - 0x0000025082eb3000 	D:\JavaFx\javafx-sdk-23.0.2\bin\api-ms-win-core-datetime-l1-1-0.dll
0x0000025082ec0000 - 0x0000025082ec3000 	D:\JavaFx\javafx-sdk-23.0.2\bin\api-ms-win-core-debug-l1-1-0.dll
0x0000025082ed0000 - 0x0000025082ed3000 	D:\JavaFx\javafx-sdk-23.0.2\bin\api-ms-win-core-errorhandling-l1-1-0.dll
0x0000025082ee0000 - 0x0000025082ee4000 	D:\JavaFx\javafx-sdk-23.0.2\bin\api-ms-win-core-file-l1-1-0.dll
0x0000025082ef0000 - 0x0000025082ef3000 	D:\JavaFx\javafx-sdk-23.0.2\bin\api-ms-win-core-file-l1-2-0.dll
0x0000025082f00000 - 0x0000025082f03000 	D:\JavaFx\javafx-sdk-23.0.2\bin\api-ms-win-core-file-l2-1-0.dll
0x0000025082f10000 - 0x0000025082f13000 	D:\JavaFx\javafx-sdk-23.0.2\bin\api-ms-win-core-handle-l1-1-0.dll
0x0000025082f20000 - 0x0000025082f23000 	D:\JavaFx\javafx-sdk-23.0.2\bin\api-ms-win-core-heap-l1-1-0.dll
0x0000025082f30000 - 0x0000025082f33000 	D:\JavaFx\javafx-sdk-23.0.2\bin\api-ms-win-core-interlocked-l1-1-0.dll
0x0000025082f40000 - 0x0000025082f43000 	D:\JavaFx\javafx-sdk-23.0.2\bin\api-ms-win-core-libraryloader-l1-1-0.dll
0x0000025082f50000 - 0x0000025082f53000 	D:\JavaFx\javafx-sdk-23.0.2\bin\api-ms-win-core-localization-l1-2-0.dll
0x0000025082f60000 - 0x0000025082f63000 	D:\JavaFx\javafx-sdk-23.0.2\bin\api-ms-win-core-memory-l1-1-0.dll
0x0000025082f70000 - 0x0000025082f73000 	D:\JavaFx\javafx-sdk-23.0.2\bin\api-ms-win-core-namedpipe-l1-1-0.dll
0x0000025082f80000 - 0x0000025082f83000 	D:\JavaFx\javafx-sdk-23.0.2\bin\api-ms-win-core-processenvironment-l1-1-0.dll
0x0000025082f90000 - 0x0000025082f93000 	D:\JavaFx\javafx-sdk-23.0.2\bin\api-ms-win-core-processthreads-l1-1-0.dll
0x0000025082fa0000 - 0x0000025082fa3000 	D:\JavaFx\javafx-sdk-23.0.2\bin\api-ms-win-core-processthreads-l1-1-1.dll
0x0000025082fb0000 - 0x0000025082fb3000 	D:\JavaFx\javafx-sdk-23.0.2\bin\api-ms-win-core-profile-l1-1-0.dll
0x0000025082fc0000 - 0x0000025082fc3000 	D:\JavaFx\javafx-sdk-23.0.2\bin\api-ms-win-core-rtlsupport-l1-1-0.dll
0x0000025082fd0000 - 0x0000025082fd3000 	D:\JavaFx\javafx-sdk-23.0.2\bin\api-ms-win-core-string-l1-1-0.dll
0x0000025082fe0000 - 0x0000025082fe3000 	D:\JavaFx\javafx-sdk-23.0.2\bin\api-ms-win-core-synch-l1-1-0.dll
0x0000025082ff0000 - 0x0000025082ff3000 	D:\JavaFx\javafx-sdk-23.0.2\bin\api-ms-win-core-synch-l1-2-0.dll
0x00000250c8800000 - 0x00000250c8803000 	D:\JavaFx\javafx-sdk-23.0.2\bin\api-ms-win-core-sysinfo-l1-1-0.dll
0x00000250c8810000 - 0x00000250c8813000 	D:\JavaFx\javafx-sdk-23.0.2\bin\api-ms-win-core-timezone-l1-1-0.dll
0x00000250c8820000 - 0x00000250c8823000 	D:\JavaFx\javafx-sdk-23.0.2\bin\api-ms-win-core-util-l1-1-0.dll
0x00000250c8830000 - 0x00000250c8833000 	D:\JavaFx\javafx-sdk-23.0.2\bin\api-ms-win-crt-conio-l1-1-0.dll
0x00000250c8840000 - 0x00000250c8844000 	D:\JavaFx\javafx-sdk-23.0.2\bin\api-ms-win-crt-convert-l1-1-0.dll
0x00000250c8850000 - 0x00000250c8853000 	D:\JavaFx\javafx-sdk-23.0.2\bin\api-ms-win-crt-environment-l1-1-0.dll
0x00000250c8860000 - 0x00000250c8863000 	D:\JavaFx\javafx-sdk-23.0.2\bin\api-ms-win-crt-filesystem-l1-1-0.dll
0x00000250c8870000 - 0x00000250c8873000 	D:\JavaFx\javafx-sdk-23.0.2\bin\api-ms-win-crt-heap-l1-1-0.dll
0x00000250c8880000 - 0x00000250c8883000 	D:\JavaFx\javafx-sdk-23.0.2\bin\api-ms-win-crt-locale-l1-1-0.dll
0x00000250c8890000 - 0x00000250c8895000 	D:\JavaFx\javafx-sdk-23.0.2\bin\api-ms-win-crt-math-l1-1-0.dll
0x00000250c88a0000 - 0x00000250c88a5000 	D:\JavaFx\javafx-sdk-23.0.2\bin\api-ms-win-crt-multibyte-l1-1-0.dll
0x00000250c88b0000 - 0x00000250c88c0000 	D:\JavaFx\javafx-sdk-23.0.2\bin\api-ms-win-crt-private-l1-1-0.dll
0x00000250c88c0000 - 0x00000250c88c3000 	D:\JavaFx\javafx-sdk-23.0.2\bin\api-ms-win-crt-process-l1-1-0.dll
0x00000250c88d0000 - 0x00000250c88d4000 	D:\JavaFx\javafx-sdk-23.0.2\bin\api-ms-win-crt-runtime-l1-1-0.dll
0x00000250c88e0000 - 0x00000250c88e4000 	D:\JavaFx\javafx-sdk-23.0.2\bin\api-ms-win-crt-stdio-l1-1-0.dll
0x00000250c88f0000 - 0x00000250c88f4000 	D:\JavaFx\javafx-sdk-23.0.2\bin\api-ms-win-crt-string-l1-1-0.dll
0x00000250c8900000 - 0x00000250c8903000 	D:\JavaFx\javafx-sdk-23.0.2\bin\api-ms-win-crt-time-l1-1-0.dll
0x00000250c8910000 - 0x00000250c8913000 	D:\JavaFx\javafx-sdk-23.0.2\bin\api-ms-win-crt-utility-l1-1-0.dll
0x00007ff818f00000 - 0x00007ff818ffc000 	D:\JavaFx\javafx-sdk-23.0.2\bin\ucrtbase.dll
0x00007ff848930000 - 0x00007ff84894b000 	D:\JavaFx\javafx-sdk-23.0.2\bin\vcruntime140.dll
0x00007ff866650000 - 0x00007ff86665c000 	D:\JavaFx\javafx-sdk-23.0.2\bin\vcruntime140_1.dll
0x00007ff819410000 - 0x00007ff81949e000 	D:\JavaFx\javafx-sdk-23.0.2\bin\msvcp140.dll
0x00007ff850920000 - 0x00007ff850929000 	D:\JavaFx\javafx-sdk-23.0.2\bin\msvcp140_1.dll
0x00007ff847e60000 - 0x00007ff847ea1000 	D:\JavaFx\javafx-sdk-23.0.2\bin\msvcp140_2.dll
0x00007ff834640000 - 0x00007ff834670000 	D:\JavaFx\javafx-sdk-23.0.2\bin\prism_d3d.dll
0x00007ff86e570000 - 0x00007ff86e718000 	C:\WINDOWS\system32\d3d9.dll
0x00007ff87ac60000 - 0x00007ff87ac8e000 	C:\WINDOWS\SYSTEM32\dwmapi.dll
0x00007ff87ab10000 - 0x00007ff87ab47000 	C:\WINDOWS\SYSTEM32\dxcore.dll
0x00007ff87aa00000 - 0x00007ff87aab4000 	C:\WINDOWS\system32\uxtheme.dll
0x00007fffd0e50000 - 0x00007fffd0fff000 	C:\WINDOWS\System32\DriverStore\FileRepository\iigd_dch.inf_amd64_e32ced29f236e322\igdumdim64.dll
0x00007ff87f4c0000 - 0x00007ff87f660000 	C:\WINDOWS\System32\ole32.dll
0x00007fffc6010000 - 0x00007fffca8b3000 	C:\WINDOWS\System32\DriverStore\FileRepository\iigd_dch.inf_amd64_e32ced29f236e322\igd9dxva64.dll
0x00007ff87ee40000 - 0x00007ff87f2b4000 	C:\WINDOWS\System32\SETUPAPI.dll
0x00007ff87d5b0000 - 0x00007ff87d5fe000 	C:\WINDOWS\SYSTEM32\cfgmgr32.dll
0x00007ff8704d0000 - 0x00007ff8708d9000 	C:\WINDOWS\System32\DriverStore\FileRepository\iigd_dch.inf_amd64_e32ced29f236e322\igdgmm64.dll
0x00007ff8751d0000 - 0x00007ff87521a000 	C:\WINDOWS\SYSTEM32\directxdatabasehelper.dll
0x00007ff81b190000 - 0x00007ff81b1d5000 	D:\JavaFx\javafx-sdk-23.0.2\bin\glass.dll
0x00007ff87f660000 - 0x00007ff87f764000 	C:\WINDOWS\System32\COMDLG32.dll
0x00007ff87eb80000 - 0x00007ff87ece0000 	C:\WINDOWS\System32\MSCTF.dll
0x00007ff863bd0000 - 0x00007ff863bf7000 	C:\WINDOWS\System32\DriverStore\FileRepository\iigd_dch.inf_amd64_e32ced29f236e322\igdinfo64.dll
0x00007ff8671c0000 - 0x00007ff86a954000 	C:\WINDOWS\System32\DriverStore\FileRepository\iigd_dch.inf_amd64_e32ced29f236e322\igc64.dll
0x00007ff87e8a0000 - 0x00007ff87e950000 	C:\WINDOWS\System32\clbcatq.dll
0x00007ff863780000 - 0x00007ff8638fe000 	C:\Windows\System32\Windows.UI.dll
0x00007ff860b00000 - 0x00007ff860c75000 	C:\Windows\System32\Windows.UI.Immersive.dll
0x00007ff837140000 - 0x00007ff837155000 	D:\JavaFx\javafx-sdk-23.0.2\bin\javafx_font.dll
0x00007ff834610000 - 0x00007ff83463d000 	D:\JavaFx\javafx-sdk-23.0.2\bin\javafx_iio.dll
0x00007ff876360000 - 0x00007ff8765d8000 	C:\WINDOWS\SYSTEM32\dwrite.dll
0x00007ff87a810000 - 0x00007ff87a9c0000 	C:\WINDOWS\SYSTEM32\WindowsCodecs.dll
0x00007ff864960000 - 0x00007ff8649be000 	C:\WINDOWS\system32\dataexchange.dll
0x00007ff873250000 - 0x00007ff8734f6000 	C:\WINDOWS\system32\twinapi.appcore.dll
0x00007fffe4ec0000 - 0x00007fffe4ef2000 	C:\Program Files\Common Files\Microsoft Shared\Ink\rtscom.dll
0x00007ff86d350000 - 0x00007ff86d496000 	C:\WINDOWS\SYSTEM32\textinputframework.dll
0x00007ff8773a0000 - 0x00007ff8774d3000 	C:\WINDOWS\SYSTEM32\CoreMessaging.dll
0x00007ff874910000 - 0x00007ff874c7c000 	C:\WINDOWS\SYSTEM32\CoreUIComponents.dll
0x00007ff87d0d0000 - 0x00007ff87d0dc000 	C:\WINDOWS\SYSTEM32\CRYPTBASE.DLL
0x00007ff85c3e0000 - 0x00007ff85c45b000 	C:\WINDOWS\system32\Oleacc.dll
0x00007ff820760000 - 0x00007ff8207ab000 	C:\WINDOWS\system32\ApplicationTargetedFeatureDatabase.dll
0x00007ff87c4d0000 - 0x00007ff87c5c8000 	C:\WINDOWS\SYSTEM32\DNSAPI.dll
0x00007ff87c450000 - 0x00007ff87c47d000 	C:\WINDOWS\SYSTEM32\IPHLPAPI.DLL

dbghelp: loaded successfully - version: 4.0.5 - missing functions: none
symbol engine: initialized successfully - sym options: 0x614 - pdb path: .;C:\Users\Asus\Desktop\eclipse\plugins\org.eclipse.justj.openjdk.hotspot.jre.full.win32.x86_64_21.0.5.v20241023-1957\jre\bin;C:\WINDOWS\SYSTEM32;C:\WINDOWS\WinSxS\amd64_microsoft.windows.common-controls_6595b64144ccf1df_6.0.22621.5413_none_270da5617387a498;C:\Users\Asus\Desktop\eclipse\plugins\org.eclipse.justj.openjdk.hotspot.jre.full.win32.x86_64_21.0.5.v20241023-1957\jre\bin\server;D:\JavaFx\javafx-sdk-23.0.2\bin;C:\WINDOWS\System32\DriverStore\FileRepository\iigd_dch.inf_amd64_e32ced29f236e322;C:\Program Files\Common Files\Microsoft Shared\Ink

VM Arguments:
jvm_args: -Dfile.encoding=UTF-8 -Dstdout.encoding=UTF-8 -Dstderr.encoding=UTF-8 --module-path=D:\Java_code_eclipse\Model\bin;D:\JavaFx\javafx-sdk-23.0.2\lib\javafx-swt.jar;D:\JavaFx\javafx-sdk-23.0.2\lib\javafx.base.jar;D:\JavaFx\javafx-sdk-23.0.2\lib\javafx.controls.jar;D:\JavaFx\javafx-sdk-23.0.2\lib\javafx.fxml.jar;D:\JavaFx\javafx-sdk-23.0.2\lib\javafx.graphics.jar;D:\JavaFx\javafx-sdk-23.0.2\lib\javafx.media.jar;D:\JavaFx\javafx-sdk-23.0.2\lib\javafx.swing.jar;D:\JavaFx\javafx-sdk-23.0.2\lib\javafx.web.jar;C:\Users\Asus\Desktop\eclipse\plugins\org.eclipse.fx.ide.css.jfx8_3.8.0.202204150904.jar;D:\mysql-connector-j-9.3.0\mysql-connector-j-9.3.0.jar -XX:+ShowCodeDetailsInExceptionMessages -Djdk.module.main=Model 
java_command: Model/main.Customer
java_class_path (initial): <not set>
Launcher Type: SUN_STANDARD

[Global flags]
     intx CICompilerCount                          = 4                                         {product} {ergonomic}
     uint ConcGCThreads                            = 2                                         {product} {ergonomic}
     uint G1ConcRefinementThreads                  = 8                                         {product} {ergonomic}
   size_t G1HeapRegionSize                         = 1048576                                   {product} {ergonomic}
    uintx GCDrainStackTargetSize                   = 64                                        {product} {ergonomic}
   size_t InitialHeapSize                          = 130023424                                 {product} {ergonomic}
   size_t MarkStackSize                            = 4194304                                   {product} {ergonomic}
   size_t MaxHeapSize                              = 2067791872                                {product} {ergonomic}
   size_t MaxNewSize                               = 1240465408                                {product} {ergonomic}
   size_t MinHeapDeltaBytes                        = 1048576                                   {product} {ergonomic}
   size_t MinHeapSize                              = 8388608                                   {product} {ergonomic}
    uintx NonNMethodCodeHeapSize                   = 5839372                                {pd product} {ergonomic}
    uintx NonProfiledCodeHeapSize                  = 122909434                              {pd product} {ergonomic}
    uintx ProfiledCodeHeapSize                     = 122909434                              {pd product} {ergonomic}
    uintx ReservedCodeCacheSize                    = 251658240                              {pd product} {ergonomic}
     bool SegmentedCodeCache                       = true                                      {product} {ergonomic}
     bool ShowCodeDetailsInExceptionMessages       = true                                   {manageable} {command line}
   size_t SoftMaxHeapSize                          = 2067791872                             {manageable} {ergonomic}
     bool UseCompressedOops                        = true                           {product lp64_product} {ergonomic}
     bool UseG1GC                                  = true                                      {product} {ergonomic}
     bool UseLargePagesIndividualAllocation        = false                                  {pd product} {ergonomic}

Logging:
Log output configuration:
 #0: stdout all=warning uptime,level,tags foldmultilines=false
 #1: stderr all=off uptime,level,tags foldmultilines=false

Environment Variables:
JAVA_HOME=C:\Program Files\Eclipse Adoptium\jdk-17.0.14.7-hotspot\
PATH=C:/Users/Asus/Desktop/eclipse//plugins/org.eclipse.justj.openjdk.hotspot.jre.full.win32.x86_64_21.0.5.v20241023-1957/jre/bin/server;C:/Users/Asus/Desktop/eclipse//plugins/org.eclipse.justj.openjdk.hotspot.jre.full.win32.x86_64_21.0.5.v20241023-1957/jre/bin;C:\Program Files\Common Files\Oracle\Java\javapath;C:\Program Files\Eclipse Adoptium\jdk-17.0.14.7-hotspot\bin;C:\Program Files (x86)\VMware\VMware Workstation\bin\;C:\Windows\system32;C:\Windows;C:\Windows\System32\Wbem;C:\Windows\System32\WindowsPowerShell\v1.0\;C:\Windows\System32\OpenSSH\;C:\Program Files (x86)\NVIDIA Corporation\PhysX\Common;C:\WINDOWS\system32;C:\WINDOWS;C:\WINDOWS\System32\Wbem;C:\WINDOWS\System32\WindowsPowerShell\v1.0\;C:\WINDOWS\System32\OpenSSH\;C:\Program Files\NVIDIA Corporation\NVIDIA NvDLISR;C:\Program Files (x86)\Microsoft SQL Server\160\Tools\Binn\;C:\Program Files\Microsoft SQL Server\160\Tools\Binn\;C:\Program Files\Microsoft SQL Server\Client SDK\ODBC\170\Tools\Binn\;C:\Program Files\Microsoft SQL Server\160\DTS\Binn\;C:\Program Files (x86)\Microsoft SQL Server\160\DTS\Binn\;C:\Program Files\Git\cmd;C:\Users\Asus\AppData\Local\Programs\Python\Python39\;C:\Program Files\nodejs\;D:\xampp\php;C:\Users\Asus\AppData\Local\Programs\Python\Python39\Scripts\;C:\Users\Asus\AppData\Local\Programs\Python\Python39\;C:\Users\Asus\AppData\Local\Microsoft\WindowsApps;C:\Users\Asus\Downloads\Microsoft VS Code\bin;D:\PyCharm 2024.3.3\bin;;C:\Users\Asus\AppData\Roaming\npm;D:\xampp\php;;C:\Program Files\JetBrains\IntelliJ IDEA 2025.1.1.1\bin;;C:\Users\Asus\Desktop\eclipse;
USERNAME=Asus
OS=Windows_NT
PROCESSOR_IDENTIFIER=Intel64 Family 6 Model 140 Stepping 1, GenuineIntel
TMP=C:\Users\Asus\AppData\Local\Temp
TEMP=C:\Users\Asus\AppData\Local\Temp




Periodic native trim disabled

---------------  S Y S T E M  ---------------

OS:
 Windows 11 , 64 bit Build 22621 (10.0.22621.5413)
OS uptime: 2 days 20:19 hours

CPU: total 8 (initial active 8) (4 cores per cpu, 2 threads per core) family 6 model 140 stepping 1 microcode 0x86, cx8, cmov, fxsr, ht, mmx, 3dnowpref, sse, sse2, sse3, ssse3, sse4.1, sse4.2, popcnt, lzcnt, tsc, tscinvbit, avx, avx2, aes, erms, clmul, bmi1, bmi2, adx, avx512f, avx512dq, avx512cd, avx512bw, avx512vl, sha, fma, vzeroupper, avx512_vpopcntdq, avx512_vpclmulqdq, avx512_vaes, avx512_vnni, clflush, clflushopt, clwb, avx512_vbmi2, avx512_vbmi, rdtscp, rdpid, fsrm, gfni, avx512_bitalg, f16c, pku, cet_ibt, cet_ss, avx512_ifma
Processor Information for all 8 processors :
  Max Mhz: 2803, Current Mhz: 2803, Mhz Limit: 2803

Memory: 4k page, system-wide physical 7886M (464M free)
TotalPageFile size 32462M (AvailPageFile size 5M)
current process WorkingSet (physical memory assigned to process): 576M, peak: 576M
current process commit charge ("private bytes"): 644M, peak: 646M

vm_info: OpenJDK 64-Bit Server VM (21.0.5+11-LTS) for windows-amd64 JRE (21.0.5+11-LTS), built on 2024-10-15T00:00:00Z by "admin" with MS VC++ 17.7 (VS2022)

END.
